Log file open, 10/29/19 18:26:21
LogWindows: Failed to load 'aqProf.dll' (GetLastError=126)
LogWindows: File 'aqProf.dll' does not exist
LogWindows: Failed to load 'VtuneApi.dll' (GetLastError=126)
LogWindows: File 'VtuneApi.dll' does not exist
LogWindows: Failed to load 'VtuneApi32e.dll' (GetLastError=126)
LogWindows: File 'VtuneApi32e.dll' does not exist
LogConsoleResponse: Display: Failed to find resolution value strings in scalability ini. Falling back to default.
LogInit: Display: Running engine for game: Halloween_NathanJ
LogPakFile: Registered encryption key '00000000000000000000000000000000': 0 pak files mounted, 0 remain pending
LogPlatformFile: Not using cached read wrapper
LogTaskGraph: Started task graph with 5 named threads and 23 total threads with 3 sets of task threads.
LogStats: Stats thread started at 0.640057
LogD3D11RHI: Loaded GFSDK_Aftermath_Lib.x64.dll
LogICUInternationalization: ICU TimeZone Detection - Raw Offset: -6:00, Platform Override: ''
LogPluginManager: Mounting plugin Paper2D
LogPluginManager: Mounting plugin AISupport
LogPluginManager: Mounting plugin LightPropagationVolume
LogPluginManager: Mounting plugin ActorLayerUtilities
LogPluginManager: Mounting plugin AnimationSharing
LogPluginManager: Mounting plugin CLionSourceCodeAccess
LogPluginManager: Mounting plugin CodeLiteSourceCodeAccess
LogPluginManager: Mounting plugin GitSourceControl
LogPluginManager: Mounting plugin KDevelopSourceCodeAccess
LogPluginManager: Mounting plugin NullSourceCodeAccess
LogPluginManager: Mounting plugin PerforceSourceControl
LogPluginManager: Mounting plugin SubversionSourceControl
LogPluginManager: Mounting plugin UObjectPlugin
LogPluginManager: Mounting plugin VisualStudioCodeSourceCodeAccess
LogPluginManager: Mounting plugin VisualStudioSourceCodeAccess
LogPluginManager: Mounting plugin XCodeSourceCodeAccess
LogPluginManager: Mounting plugin AssetManagerEditor
LogPluginManager: Mounting plugin CryptoKeys
LogPluginManager: Mounting plugin DataValidation
LogPluginManager: Mounting plugin FacialAnimation
LogPluginManager: Mounting plugin GameplayTagsEditor
LogPluginManager: Mounting plugin MacGraphicsSwitching
LogPluginManager: Mounting plugin MaterialAnalyzer
LogPluginManager: Mounting plugin MobileLauncherProfileWizard
LogPluginManager: Mounting plugin PluginBrowser
LogPluginManager: Mounting plugin SpeedTreeImporter
LogPluginManager: Mounting plugin DatasmithContent
LogPluginManager: Mounting plugin VariantManagerContent
LogPluginManager: Mounting plugin AlembicImporter
LogPluginManager: Mounting plugin AppleImageUtils
LogPluginManager: Mounting plugin AppleVision
LogPluginManager: Mounting plugin BackChannel
LogPluginManager: Mounting plugin CharacterAI
LogPluginManager: Mounting plugin GeometryCache
LogPluginManager: Mounting plugin HTML5Networking
LogPluginManager: Mounting plugin ProxyLODPlugin
LogPluginManager: Mounting plugin SkeletalReduction
LogPluginManager: Mounting plugin MagicLeap
LogPluginManager: Mounting plugin MagicLeapMedia
LogPluginManager: Mounting plugin AndroidMedia
LogPluginManager: Mounting plugin AvfMedia
LogPluginManager: Mounting plugin ImgMedia
LogPluginManager: Mounting plugin LinearTimecode
LogPluginManager: Mounting plugin MediaCompositing
LogPluginManager: Mounting plugin MediaPlayerEditor
LogPluginManager: Mounting plugin WebMMedia
LogPluginManager: Mounting plugin WmfMedia
LogPluginManager: Mounting plugin TcpMessaging
LogPluginManager: Mounting plugin UdpMessaging
LogPluginManager: Mounting plugin ActorSequence
LogPluginManager: Mounting plugin LevelSequenceEditor
LogPluginManager: Mounting plugin MatineeToLevelSequence
LogPluginManager: Mounting plugin NetcodeUnitTest
LogPluginManager: Mounting plugin NUTUnrealEngine4
LogPluginManager: Mounting plugin OnlineSubsystemGooglePlay
LogPluginManager: Mounting plugin OnlineSubsystemIOS
LogPluginManager: Mounting plugin OnlineSubsystem
LogPluginManager: Mounting plugin OnlineSubsystemNull
LogPluginManager: Mounting plugin OnlineSubsystemUtils
LogPluginManager: Mounting plugin LauncherChunkInstaller
LogPluginManager: Mounting plugin AndroidDeviceProfileSelector
LogPluginManager: Mounting plugin AndroidMoviePlayer
LogPluginManager: Mounting plugin AndroidPermission
LogPluginManager: Mounting plugin AppleMoviePlayer
LogPluginManager: Mounting plugin ArchVisCharacter
LogPluginManager: Mounting plugin AudioCapture
LogPluginManager: Mounting plugin CableComponent
LogPluginManager: Mounting plugin CustomMeshComponent
LogPluginManager: Mounting plugin EditableMesh
LogPluginManager: Mounting plugin ExampleDeviceProfileSelector
LogPluginManager: Mounting plugin Firebase
LogPluginManager: Mounting plugin GoogleCloudMessaging
LogPluginManager: Mounting plugin IOSDeviceProfileSelector
LogPluginManager: Mounting plugin LinuxDeviceProfileSelector
LogPluginManager: Mounting plugin LocationServicesBPLibrary
LogPluginManager: Mounting plugin MobilePatchingUtils
LogPluginManager: Mounting plugin OculusVR
LogPluginManager: Mounting plugin PhysXVehicles
LogPluginManager: Mounting plugin ProceduralMeshComponent
LogPluginManager: Mounting plugin RuntimePhysXCooking
LogPluginManager: Mounting plugin SignificanceManager
LogPluginManager: Mounting plugin SteamVR
LogPluginManager: Mounting plugin WebMMoviePlayer
LogPluginManager: Mounting plugin WindowsMoviePlayer
LogInit: Using libcurl 7.55.1-DEV
LogInit:  - built for x86_64-pc-win32
LogInit:  - supports SSL with OpenSSL/1.1.1
LogInit:  - supports HTTP deflate (compression) using libz 1.2.8
LogInit:  - other features:
LogInit:      CURL_VERSION_SSL
LogInit:      CURL_VERSION_LIBZ
LogInit:      CURL_VERSION_IPV6
LogInit:      CURL_VERSION_ASYNCHDNS
LogInit:      CURL_VERSION_LARGEFILE
LogInit:      CURL_VERSION_IDN
LogInit:  CurlRequestOptions (configurable via config and command line):
LogInit:  - bVerifyPeer = true  - Libcurl will verify peer certificate
LogInit:  - bUseHttpProxy = false  - Libcurl will NOT use HTTP proxy
LogInit:  - bDontReuseConnections = false  - Libcurl will reuse connections
LogInit:  - MaxHostConnections = 16  - Libcurl will limit the number of connections to a host
LogInit:  - LocalHostAddr = Default
LogInit:  - BufferSize = 65536
LogInit: WinSock: version 1.1 (2.2), MaxSocks=32767, MaxUdp=65467
LogInit: Build: ++UE4+Release-4.22-CL-7053642
LogInit: Engine Version: 4.22.3-7053642+++UE4+Release-4.22
LogInit: Compatible Engine Version: 4.22.0-5660361+++UE4+Release-4.22
LogInit: Net CL: 5660361
LogInit: OS: Windows 10 (Release 1903) (), CPU: Intel(R) Core(TM) i7-7700HQ CPU @ 2.80GHz, GPU: NVIDIA GeForce GTX 1060
LogInit: Compiled (64-bit): Jun 18 2019 03:09:11
LogInit: Compiled with Visual C++: 19.16.27025.01
LogInit: Build Configuration: Development
LogInit: Branch Name: ++UE4+Release-4.22
LogInit: Command Line: 
LogInit: Base Directory: D:/Epic Games/UE_4.22/Engine/Binaries/Win64/
LogInit: Installed Engine Build: 1
LogDevObjectVersion: Number of dev versions registered: 23
LogDevObjectVersion:   Dev-Blueprints (B0D832E4-1F89-4F0D-ACCF-7EB736FD4AA2): 10
LogDevObjectVersion:   Dev-Build (E1C64328-A22C-4D53-A36C-8E866417BD8C): 0
LogDevObjectVersion:   Dev-Core (375EC13C-06E4-48FB-B500-84F0262A717E): 3
LogDevObjectVersion:   Dev-Editor (E4B068ED-F494-42E9-A231-DA0B2E46BB41): 30
LogDevObjectVersion:   Dev-Framework (CFFC743F-43B0-4480-9391-14DF171D2073): 35
LogDevObjectVersion:   Dev-Mobile (B02B49B5-BB20-44E9-A304-32B752E40360): 2
LogDevObjectVersion:   Dev-Networking (A4E4105C-59A1-49B5-A7C5-40C4547EDFEE): 0
LogDevObjectVersion:   Dev-Online (39C831C9-5AE6-47DC-9A44-9C173E1C8E7C): 0
LogDevObjectVersion:   Dev-Physics (78F01B33-EBEA-4F98-B9B4-84EACCB95AA2): 0
LogDevObjectVersion:   Dev-Platform (6631380F-2D4D-43E0-8009-CF276956A95A): 0
LogDevObjectVersion:   Dev-Rendering (12F88B9F-8875-4AFC-A67C-D90C383ABD29): 28
LogDevObjectVersion:   Dev-Sequencer (7B5AE74C-D270-4C10-A958-57980B212A5A): 11
LogDevObjectVersion:   Dev-VR (D7296918-1DD6-4BDD-9DE2-64A83CC13884): 2
LogDevObjectVersion:   Dev-LoadTimes (C2A15278-BFE7-4AFE-6C17-90FF531DF755): 1
LogDevObjectVersion:   Private-Geometry (6EACA3D4-40EC-4CC1-B786-8BED09428FC5): 3
LogDevObjectVersion:   Dev-AnimPhys (29E575DD-E0A3-4627-9D10-D276232CDCEA): 17
LogDevObjectVersion:   Dev-Anim (AF43A65D-7FD3-4947-9873-3E8ED9C1BB05): 2
LogDevObjectVersion:   Dev-ReflectionCapture (6B266CEC-1EC7-4B8F-A30B-E4D90942FC07): 1
LogDevObjectVersion:   Dev-Automation (0DF73D61-A23F-47EA-B727-89E90C41499A): 1
LogDevObjectVersion:   FortniteMain (601D1886-AC64-4F84-AA16-D3DE0DEAC7D6): 25
LogDevObjectVersion:   Dev-Enterprise (9DFFBCD6-494F-0158-E221-12823C92A888): 6
LogDevObjectVersion:   Dev-Niagara (F2AED0AC-9AFE-416F-8664-AA7FFA26D6FC): 1
LogDevObjectVersion:   Dev-Destruction (174F1F0B-B4C6-45A5-B13F-2EE8D0FB917D): 2
LogInit: Presizing for max 16777216 objects, including 0 objects not considered by GC, pre-allocating 0 bytes for permanent pool.
LogInit: Object subsystem initialized
LogConfig: Setting CVar [[con.DebugEarlyDefault:1]]
LogConfig: Setting CVar [[r.setres:1280x720]]
[2019.10.29-23.26.22:876][  0]LogConfig: Setting CVar [[r.VSync:0]]
[2019.10.29-23.26.22:876][  0]LogConfig: Setting CVar [[r.RHICmdBypass:0]]
[2019.10.29-23.26.22:876][  0]LogConfig: Applying CVar settings from Section [/Script/Engine.RendererSettings] File [C:/Users/0ne5iveSe7en/Desktop/HalloweenProject/Game/Halloween_NathanJ/Saved/Config/Windows/Engine.ini]
[2019.10.29-23.26.22:876][  0]LogConfig: Setting CVar [[r.GPUCrashDebugging:0]]
[2019.10.29-23.26.22:876][  0]LogConfig: Applying CVar settings from Section [/Script/Engine.RendererOverrideSettings] File [C:/Users/0ne5iveSe7en/Desktop/HalloweenProject/Game/Halloween_NathanJ/Saved/Config/Windows/Engine.ini]
[2019.10.29-23.26.22:877][  0]LogConfig: Applying CVar settings from Section [/Script/Engine.StreamingSettings] File [C:/Users/0ne5iveSe7en/Desktop/HalloweenProject/Game/Halloween_NathanJ/Saved/Config/Windows/Engine.ini]
[2019.10.29-23.26.22:877][  0]LogConfig: Setting CVar [[s.MinBulkDataSizeForAsyncLoading:131072]]
[2019.10.29-23.26.22:877][  0]LogConfig: Setting CVar [[s.AsyncLoadingThreadEnabled:0]]
[2019.10.29-23.26.22:877][  0]LogConfig: Setting CVar [[s.EventDrivenLoaderEnabled:1]]
[2019.10.29-23.26.22:877][  0]LogConfig: Setting CVar [[s.WarnIfTimeLimitExceeded:0]]
[2019.10.29-23.26.22:877][  0]LogConfig: Setting CVar [[s.TimeLimitExceededMultiplier:1.5]]
[2019.10.29-23.26.22:877][  0]LogConfig: Setting CVar [[s.TimeLimitExceededMinTime:0.005]]
[2019.10.29-23.26.22:877][  0]LogConfig: Setting CVar [[s.UseBackgroundLevelStreaming:1]]
[2019.10.29-23.26.22:877][  0]LogConfig: Setting CVar [[s.PriorityAsyncLoadingExtraTime:15.0]]
[2019.10.29-23.26.22:877][  0]LogConfig: Setting CVar [[s.LevelStreamingActorsUpdateTimeLimit:5.0]]
[2019.10.29-23.26.22:877][  0]LogConfig: Setting CVar [[s.PriorityLevelStreamingActorsUpdateExtraTime:5.0]]
[2019.10.29-23.26.22:877][  0]LogConfig: Setting CVar [[s.LevelStreamingComponentsRegistrationGranularity:10]]
[2019.10.29-23.26.22:877][  0]LogConfig: Setting CVar [[s.UnregisterComponentsTimeLimit:1.0]]
[2019.10.29-23.26.22:877][  0]LogConfig: Setting CVar [[s.LevelStreamingComponentsUnregistrationGranularity:5]]
[2019.10.29-23.26.22:877][  0]LogConfig: Applying CVar settings from Section [/Script/Engine.GarbageCollectionSettings] File [C:/Users/0ne5iveSe7en/Desktop/HalloweenProject/Game/Halloween_NathanJ/Saved/Config/Windows/Engine.ini]
[2019.10.29-23.26.22:877][  0]LogConfig: Setting CVar [[gc.MaxObjectsNotConsideredByGC:1]]
[2019.10.29-23.26.22:877][  0]LogConfig: Setting CVar [[gc.SizeOfPermanentObjectPool:0]]
[2019.10.29-23.26.22:877][  0]LogConfig: Setting CVar [[gc.FlushStreamingOnGC:0]]
[2019.10.29-23.26.22:877][  0]LogConfig: Setting CVar [[gc.NumRetriesBeforeForcingGC:10]]
[2019.10.29-23.26.22:877][  0]LogConfig: Setting CVar [[gc.AllowParallelGC:1]]
[2019.10.29-23.26.22:877][  0]LogConfig: Setting CVar [[gc.TimeBetweenPurgingPendingKillObjects:61.1]]
[2019.10.29-23.26.22:877][  0]LogConfig: Setting CVar [[gc.MaxObjectsInEditor:16777216]]
[2019.10.29-23.26.22:877][  0]LogConfig: Setting CVar [[gc.IncrementalBeginDestroyEnabled:1]]
[2019.10.29-23.26.22:877][  0]LogConfig: Setting CVar [[gc.CreateGCClusters:1]]
[2019.10.29-23.26.22:877][  0]LogConfig: Setting CVar [[gc.MinGCClusterSize:5]]
[2019.10.29-23.26.22:877][  0]LogConfig: Setting CVar [[gc.ActorClusteringEnabled:0]]
[2019.10.29-23.26.22:877][  0]LogConfig: Setting CVar [[gc.BlueprintClusteringEnabled:0]]
[2019.10.29-23.26.22:877][  0]LogConfig: Setting CVar [[gc.UseDisregardForGCOnDedicatedServers:0]]
[2019.10.29-23.26.22:877][  0]LogConfig: Applying CVar settings from Section [/Script/Engine.NetworkSettings] File [C:/Users/0ne5iveSe7en/Desktop/HalloweenProject/Game/Halloween_NathanJ/Saved/Config/Windows/Engine.ini]
[2019.10.29-23.26.22:877][  0]LogConfig: Applying CVar settings from Section [/Script/UnrealEd.CookerSettings] File [C:/Users/0ne5iveSe7en/Desktop/HalloweenProject/Game/Halloween_NathanJ/Saved/Config/Windows/Engine.ini]
[2019.10.29-23.26.22:882][  0]LogConfig: Applying CVar settings from Section [ViewDistanceQuality@3] File [C:/Users/0ne5iveSe7en/Desktop/HalloweenProject/Game/Halloween_NathanJ/Saved/Config/Windows/Scalability.ini]
[2019.10.29-23.26.22:882][  0]LogConfig: Setting CVar [[r.SkeletalMeshLODBias:0]]
[2019.10.29-23.26.22:882][  0]LogConfig: Setting CVar [[r.ViewDistanceScale:1.0]]
[2019.10.29-23.26.22:882][  0]LogConfig: Applying CVar settings from Section [AntiAliasingQuality@3] File [C:/Users/0ne5iveSe7en/Desktop/HalloweenProject/Game/Halloween_NathanJ/Saved/Config/Windows/Scalability.ini]
[2019.10.29-23.26.22:882][  0]LogConfig: Setting CVar [[r.PostProcessAAQuality:4]]
[2019.10.29-23.26.22:882][  0]LogConfig: Applying CVar settings from Section [ShadowQuality@3] File [C:/Users/0ne5iveSe7en/Desktop/HalloweenProject/Game/Halloween_NathanJ/Saved/Config/Windows/Scalability.ini]
[2019.10.29-23.26.22:882][  0]LogConfig: Setting CVar [[r.LightFunctionQuality:1]]
[2019.10.29-23.26.22:882][  0]LogConfig: Setting CVar [[r.ShadowQuality:5]]
[2019.10.29-23.26.22:882][  0]LogConfig: Setting CVar [[r.Shadow.CSM.MaxCascades:10]]
[2019.10.29-23.26.22:882][  0]LogConfig: Setting CVar [[r.Shadow.MaxResolution:2048]]
[2019.10.29-23.26.22:882][  0]LogConfig: Setting CVar [[r.Shadow.MaxCSMResolution:2048]]
[2019.10.29-23.26.22:883][  0]LogConfig: Setting CVar [[r.Shadow.RadiusThreshold:0.01]]
[2019.10.29-23.26.22:883][  0]LogConfig: Setting CVar [[r.Shadow.DistanceScale:1.0]]
[2019.10.29-23.26.22:883][  0]LogConfig: Setting CVar [[r.Shadow.CSM.TransitionScale:1.0]]
[2019.10.29-23.26.22:883][  0]LogConfig: Setting CVar [[r.Shadow.PreShadowResolutionFactor:1.0]]
[2019.10.29-23.26.22:883][  0]LogConfig: Setting CVar [[r.DistanceFieldShadowing:1]]
[2019.10.29-23.26.22:883][  0]LogConfig: Setting CVar [[r.DistanceFieldAO:1]]
[2019.10.29-23.26.22:883][  0]LogConfig: Setting CVar [[r.AOQuality:2]]
[2019.10.29-23.26.22:883][  0]LogConfig: Setting CVar [[r.VolumetricFog:1]]
[2019.10.29-23.26.22:883][  0]LogConfig: Setting CVar [[r.VolumetricFog.GridPixelSize:8]]
[2019.10.29-23.26.22:883][  0]LogConfig: Setting CVar [[r.VolumetricFog.GridSizeZ:128]]
[2019.10.29-23.26.22:883][  0]LogConfig: Setting CVar [[r.VolumetricFog.HistoryMissSupersampleCount:4]]
[2019.10.29-23.26.22:883][  0]LogConfig: Setting CVar [[r.LightMaxDrawDistanceScale:1]]
[2019.10.29-23.26.22:883][  0]LogConfig: Setting CVar [[r.CapsuleShadows:1]]
[2019.10.29-23.26.22:883][  0]LogConfig: Applying CVar settings from Section [PostProcessQuality@3] File [C:/Users/0ne5iveSe7en/Desktop/HalloweenProject/Game/Halloween_NathanJ/Saved/Config/Windows/Scalability.ini]
[2019.10.29-23.26.22:883][  0]LogConfig: Setting CVar [[r.MotionBlurQuality:4]]
[2019.10.29-23.26.22:883][  0]LogConfig: Setting CVar [[r.AmbientOcclusionMipLevelFactor:0.4]]
[2019.10.29-23.26.22:883][  0]LogConfig: Setting CVar [[r.AmbientOcclusionMaxQuality:100]]
[2019.10.29-23.26.22:883][  0]LogConfig: Setting CVar [[r.AmbientOcclusionLevels:-1]]
[2019.10.29-23.26.22:883][  0]LogConfig: Setting CVar [[r.AmbientOcclusionRadiusScale:1.0]]
[2019.10.29-23.26.22:883][  0]LogConfig: Setting CVar [[r.DepthOfFieldQuality:2]]
[2019.10.29-23.26.22:883][  0]LogConfig: Setting CVar [[r.RenderTargetPoolMin:400]]
[2019.10.29-23.26.22:883][  0]LogConfig: Setting CVar [[r.LensFlareQuality:2]]
[2019.10.29-23.26.22:883][  0]LogConfig: Setting CVar [[r.SceneColorFringeQuality:1]]
[2019.10.29-23.26.22:883][  0]LogConfig: Setting CVar [[r.EyeAdaptationQuality:2]]
[2019.10.29-23.26.22:883][  0]LogConfig: Setting CVar [[r.BloomQuality:5]]
[2019.10.29-23.26.22:883][  0]LogConfig: Setting CVar [[r.FastBlurThreshold:100]]
[2019.10.29-23.26.22:883][  0]LogConfig: Setting CVar [[r.Upscale.Quality:3]]
[2019.10.29-23.26.22:883][  0]LogConfig: Setting CVar [[r.Tonemapper.GrainQuantization:1]]
[2019.10.29-23.26.22:883][  0]LogConfig: Setting CVar [[r.LightShaftQuality:1]]
[2019.10.29-23.26.22:883][  0]LogConfig: Setting CVar [[r.Filter.SizeScale:1]]
[2019.10.29-23.26.22:883][  0]LogConfig: Setting CVar [[r.Tonemapper.Quality:5]]
[2019.10.29-23.26.22:883][  0]LogConfig: Setting CVar [[r.DOF.Gather.AccumulatorQuality:1        ; higher gathering accumulator quality]]
[2019.10.29-23.26.22:883][  0]LogConfig: Setting CVar [[r.DOF.Gather.PostfilterMethod:1          ; Median3x3 postfilering method]]
[2019.10.29-23.26.22:883][  0]LogConfig: Setting CVar [[r.DOF.Gather.EnableBokehSettings:0       ; no bokeh simulation when gathering]]
[2019.10.29-23.26.22:883][  0]LogConfig: Setting CVar [[r.DOF.Gather.RingCount:4                 ; medium number of samples when gathering]]
[2019.10.29-23.26.22:883][  0]LogConfig: Setting CVar [[r.DOF.Scatter.ForegroundCompositing:1    ; additive foreground scattering]]
[2019.10.29-23.26.22:883][  0]LogConfig: Setting CVar [[r.DOF.Scatter.BackgroundCompositing:2    ; additive background scattering]]
[2019.10.29-23.26.22:883][  0]LogConfig: Setting CVar [[r.DOF.Scatter.EnableBokehSettings:1      ; bokeh simulation when scattering]]
[2019.10.29-23.26.22:883][  0]LogConfig: Setting CVar [[r.DOF.Scatter.MaxSpriteRatio:0.1         ; only a maximum of 10% of scattered bokeh]]
[2019.10.29-23.26.22:883][  0]LogConfig: Setting CVar [[r.DOF.Recombine.Quality:1                ; cheap slight out of focus]]
[2019.10.29-23.26.22:883][  0]LogConfig: Setting CVar [[r.DOF.Recombine.EnableBokehSettings:0    ; no bokeh simulation on slight out of focus]]
[2019.10.29-23.26.22:883][  0]LogConfig: Setting CVar [[r.DOF.TemporalAAQuality:1                ; more stable temporal accumulation]]
[2019.10.29-23.26.22:883][  0]LogConfig: Setting CVar [[r.DOF.Kernel.MaxForegroundRadius:0.025]]
[2019.10.29-23.26.22:883][  0]LogConfig: Setting CVar [[r.DOF.Kernel.MaxBackgroundRadius:0.025]]
[2019.10.29-23.26.22:883][  0]LogConfig: Applying CVar settings from Section [TextureQuality@3] File [C:/Users/0ne5iveSe7en/Desktop/HalloweenProject/Game/Halloween_NathanJ/Saved/Config/Windows/Scalability.ini]
[2019.10.29-23.26.22:883][  0]LogConfig: Setting CVar [[r.Streaming.MipBias:0]]
[2019.10.29-23.26.22:883][  0]LogConfig: Setting CVar [[r.Streaming.AmortizeCPUToGPUCopy:0]]
[2019.10.29-23.26.22:883][  0]LogConfig: Setting CVar [[r.Streaming.MaxNumTexturesToStreamPerFrame:0]]
[2019.10.29-23.26.22:883][  0]LogConfig: Setting CVar [[r.Streaming.Boost:1]]
[2019.10.29-23.26.22:883][  0]LogConfig: Setting CVar [[r.MaxAnisotropy:8]]
[2019.10.29-23.26.22:883][  0]LogConfig: Setting CVar [[r.Streaming.LimitPoolSizeToVRAM:0]]
[2019.10.29-23.26.22:883][  0]LogConfig: Setting CVar [[r.Streaming.PoolSize:1000]]
[2019.10.29-23.26.22:883][  0]LogConfig: Setting CVar [[r.Streaming.MaxEffectiveScreenSize:0]]
[2019.10.29-23.26.22:883][  0]LogConfig: Applying CVar settings from Section [EffectsQuality@3] File [C:/Users/0ne5iveSe7en/Desktop/HalloweenProject/Game/Halloween_NathanJ/Saved/Config/Windows/Scalability.ini]
[2019.10.29-23.26.22:883][  0]LogConfig: Setting CVar [[r.TranslucencyLightingVolumeDim:64]]
[2019.10.29-23.26.22:883][  0]LogConfig: Setting CVar [[r.RefractionQuality:2]]
[2019.10.29-23.26.22:883][  0]LogConfig: Setting CVar [[r.SSR.Quality:3]]
[2019.10.29-23.26.22:883][  0]LogConfig: Setting CVar [[r.SceneColorFormat:4]]
[2019.10.29-23.26.22:883][  0]LogConfig: Setting CVar [[r.DetailMode:2]]
[2019.10.29-23.26.22:883][  0]LogConfig: Setting CVar [[r.TranslucencyVolumeBlur:1]]
[2019.10.29-23.26.22:883][  0]LogConfig: Setting CVar [[r.MaterialQualityLevel:1 ; High quality]]
[2019.10.29-23.26.22:883][  0]LogConfig: Setting CVar [[r.SSS.Scale:1]]
[2019.10.29-23.26.22:883][  0]LogConfig: Setting CVar [[r.SSS.SampleSet:2]]
[2019.10.29-23.26.22:883][  0]LogConfig: Setting CVar [[r.SSS.Quality:1]]
[2019.10.29-23.26.22:883][  0]LogConfig: Setting CVar [[r.SSS.HalfRes:1]]
[2019.10.29-23.26.22:883][  0]LogConfig: Setting CVar [[r.EmitterSpawnRateScale:1.0]]
[2019.10.29-23.26.22:883][  0]LogConfig: Setting CVar [[r.ParticleLightQuality:2]]
[2019.10.29-23.26.22:883][  0]LogConfig: Applying CVar settings from Section [FoliageQuality@3] File [C:/Users/0ne5iveSe7en/Desktop/HalloweenProject/Game/Halloween_NathanJ/Saved/Config/Windows/Scalability.ini]
[2019.10.29-23.26.22:883][  0]LogConfig: Setting CVar [[foliage.DensityScale:1.0]]
[2019.10.29-23.26.22:883][  0]LogConfig: Setting CVar [[grass.DensityScale:1.0]]
[2019.10.29-23.26.22:884][  0]LogInit: Selected Device Profile: [Windows]
[2019.10.29-23.26.22:884][  0]LogInit: Applying CVar settings loaded from the selected device profile: [Windows]
[2019.10.29-23.26.22:910][  0]LogHAL: Display: Platform has ~ 16 GB [17133588480 / 17179869184 / 16], which maps to Larger [LargestMinGB=32, LargerMinGB=12, DefaultMinGB=8, SmallerMinGB=6, SmallestMinGB=0)
[2019.10.29-23.26.22:910][  0]LogConfig: Setting CVar [[r.Vulkan.UseRealUBs:0		; Required until we fix HLR fall-out]]
[2019.10.29-23.26.22:910][  0]LogInit: Going up to parent DeviceProfile []
[2019.10.29-23.26.22:910][  0]LogConfig: Applying CVar settings from Section [ViewDistanceQuality@3] File [C:/Users/0ne5iveSe7en/Desktop/HalloweenProject/Game/Halloween_NathanJ/Saved/Config/Windows/Scalability.ini]
[2019.10.29-23.26.22:910][  0]LogConfig: Setting CVar [[r.SkeletalMeshLODBias:0]]
[2019.10.29-23.26.22:911][  0]LogConfig: Setting CVar [[r.ViewDistanceScale:1.0]]
[2019.10.29-23.26.22:911][  0]LogConfig: Applying CVar settings from Section [AntiAliasingQuality@3] File [C:/Users/0ne5iveSe7en/Desktop/HalloweenProject/Game/Halloween_NathanJ/Saved/Config/Windows/Scalability.ini]
[2019.10.29-23.26.22:911][  0]LogConfig: Setting CVar [[r.PostProcessAAQuality:4]]
[2019.10.29-23.26.22:911][  0]LogConfig: Applying CVar settings from Section [ShadowQuality@3] File [C:/Users/0ne5iveSe7en/Desktop/HalloweenProject/Game/Halloween_NathanJ/Saved/Config/Windows/Scalability.ini]
[2019.10.29-23.26.22:911][  0]LogConfig: Setting CVar [[r.LightFunctionQuality:1]]
[2019.10.29-23.26.22:911][  0]LogConfig: Setting CVar [[r.ShadowQuality:5]]
[2019.10.29-23.26.22:911][  0]LogConfig: Setting CVar [[r.Shadow.CSM.MaxCascades:10]]
[2019.10.29-23.26.22:911][  0]LogConfig: Setting CVar [[r.Shadow.MaxResolution:2048]]
[2019.10.29-23.26.22:911][  0]LogConfig: Setting CVar [[r.Shadow.MaxCSMResolution:2048]]
[2019.10.29-23.26.22:911][  0]LogConfig: Setting CVar [[r.Shadow.RadiusThreshold:0.01]]
[2019.10.29-23.26.22:911][  0]LogConfig: Setting CVar [[r.Shadow.DistanceScale:1.0]]
[2019.10.29-23.26.22:911][  0]LogConfig: Setting CVar [[r.Shadow.CSM.TransitionScale:1.0]]
[2019.10.29-23.26.22:911][  0]LogConfig: Setting CVar [[r.Shadow.PreShadowResolutionFactor:1.0]]
[2019.10.29-23.26.22:911][  0]LogConfig: Setting CVar [[r.DistanceFieldShadowing:1]]
[2019.10.29-23.26.22:911][  0]LogConfig: Setting CVar [[r.DistanceFieldAO:1]]
[2019.10.29-23.26.22:911][  0]LogConfig: Setting CVar [[r.AOQuality:2]]
[2019.10.29-23.26.22:911][  0]LogConfig: Setting CVar [[r.VolumetricFog:1]]
[2019.10.29-23.26.22:911][  0]LogConfig: Setting CVar [[r.VolumetricFog.GridPixelSize:8]]
[2019.10.29-23.26.22:911][  0]LogConfig: Setting CVar [[r.VolumetricFog.GridSizeZ:128]]
[2019.10.29-23.26.22:911][  0]LogConfig: Setting CVar [[r.VolumetricFog.HistoryMissSupersampleCount:4]]
[2019.10.29-23.26.22:911][  0]LogConfig: Setting CVar [[r.LightMaxDrawDistanceScale:1]]
[2019.10.29-23.26.22:911][  0]LogConfig: Setting CVar [[r.CapsuleShadows:1]]
[2019.10.29-23.26.22:911][  0]LogConfig: Applying CVar settings from Section [PostProcessQuality@3] File [C:/Users/0ne5iveSe7en/Desktop/HalloweenProject/Game/Halloween_NathanJ/Saved/Config/Windows/Scalability.ini]
[2019.10.29-23.26.22:911][  0]LogConfig: Setting CVar [[r.MotionBlurQuality:4]]
[2019.10.29-23.26.22:911][  0]LogConfig: Setting CVar [[r.AmbientOcclusionMipLevelFactor:0.4]]
[2019.10.29-23.26.22:911][  0]LogConfig: Setting CVar [[r.AmbientOcclusionMaxQuality:100]]
[2019.10.29-23.26.22:911][  0]LogConfig: Setting CVar [[r.AmbientOcclusionLevels:-1]]
[2019.10.29-23.26.22:911][  0]LogConfig: Setting CVar [[r.AmbientOcclusionRadiusScale:1.0]]
[2019.10.29-23.26.22:911][  0]LogConfig: Setting CVar [[r.DepthOfFieldQuality:2]]
[2019.10.29-23.26.22:911][  0]LogConfig: Setting CVar [[r.RenderTargetPoolMin:400]]
[2019.10.29-23.26.22:911][  0]LogConfig: Setting CVar [[r.LensFlareQuality:2]]
[2019.10.29-23.26.22:911][  0]LogConfig: Setting CVar [[r.SceneColorFringeQuality:1]]
[2019.10.29-23.26.22:911][  0]LogConfig: Setting CVar [[r.EyeAdaptationQuality:2]]
[2019.10.29-23.26.22:911][  0]LogConfig: Setting CVar [[r.BloomQuality:5]]
[2019.10.29-23.26.22:911][  0]LogConfig: Setting CVar [[r.FastBlurThreshold:100]]
[2019.10.29-23.26.22:911][  0]LogConfig: Setting CVar [[r.Upscale.Quality:3]]
[2019.10.29-23.26.22:911][  0]LogConfig: Setting CVar [[r.Tonemapper.GrainQuantization:1]]
[2019.10.29-23.26.22:911][  0]LogConfig: Setting CVar [[r.LightShaftQuality:1]]
[2019.10.29-23.26.22:911][  0]LogConfig: Setting CVar [[r.Filter.SizeScale:1]]
[2019.10.29-23.26.22:911][  0]LogConfig: Setting CVar [[r.Tonemapper.Quality:5]]
[2019.10.29-23.26.22:911][  0]LogConfig: Setting CVar [[r.DOF.Gather.AccumulatorQuality:1        ; higher gathering accumulator quality]]
[2019.10.29-23.26.22:911][  0]LogConfig: Setting CVar [[r.DOF.Gather.PostfilterMethod:1          ; Median3x3 postfilering method]]
[2019.10.29-23.26.22:911][  0]LogConfig: Setting CVar [[r.DOF.Gather.EnableBokehSettings:0       ; no bokeh simulation when gathering]]
[2019.10.29-23.26.22:911][  0]LogConfig: Setting CVar [[r.DOF.Gather.RingCount:4                 ; medium number of samples when gathering]]
[2019.10.29-23.26.22:911][  0]LogConfig: Setting CVar [[r.DOF.Scatter.ForegroundCompositing:1    ; additive foreground scattering]]
[2019.10.29-23.26.22:911][  0]LogConfig: Setting CVar [[r.DOF.Scatter.BackgroundCompositing:2    ; additive background scattering]]
[2019.10.29-23.26.22:911][  0]LogConfig: Setting CVar [[r.DOF.Scatter.EnableBokehSettings:1      ; bokeh simulation when scattering]]
[2019.10.29-23.26.22:911][  0]LogConfig: Setting CVar [[r.DOF.Scatter.MaxSpriteRatio:0.1         ; only a maximum of 10% of scattered bokeh]]
[2019.10.29-23.26.22:911][  0]LogConfig: Setting CVar [[r.DOF.Recombine.Quality:1                ; cheap slight out of focus]]
[2019.10.29-23.26.22:911][  0]LogConfig: Setting CVar [[r.DOF.Recombine.EnableBokehSettings:0    ; no bokeh simulation on slight out of focus]]
[2019.10.29-23.26.22:911][  0]LogConfig: Setting CVar [[r.DOF.TemporalAAQuality:1                ; more stable temporal accumulation]]
[2019.10.29-23.26.22:911][  0]LogConfig: Setting CVar [[r.DOF.Kernel.MaxForegroundRadius:0.025]]
[2019.10.29-23.26.22:911][  0]LogConfig: Setting CVar [[r.DOF.Kernel.MaxBackgroundRadius:0.025]]
[2019.10.29-23.26.22:911][  0]LogConfig: Applying CVar settings from Section [TextureQuality@3] File [C:/Users/0ne5iveSe7en/Desktop/HalloweenProject/Game/Halloween_NathanJ/Saved/Config/Windows/Scalability.ini]
[2019.10.29-23.26.22:911][  0]LogConfig: Setting CVar [[r.Streaming.MipBias:0]]
[2019.10.29-23.26.22:911][  0]LogConfig: Setting CVar [[r.Streaming.AmortizeCPUToGPUCopy:0]]
[2019.10.29-23.26.22:911][  0]LogConfig: Setting CVar [[r.Streaming.MaxNumTexturesToStreamPerFrame:0]]
[2019.10.29-23.26.22:911][  0]LogConfig: Setting CVar [[r.Streaming.Boost:1]]
[2019.10.29-23.26.22:911][  0]LogConfig: Setting CVar [[r.MaxAnisotropy:8]]
[2019.10.29-23.26.22:911][  0]LogConfig: Setting CVar [[r.Streaming.LimitPoolSizeToVRAM:0]]
[2019.10.29-23.26.22:912][  0]LogConfig: Setting CVar [[r.Streaming.PoolSize:1000]]
[2019.10.29-23.26.22:912][  0]LogConfig: Setting CVar [[r.Streaming.MaxEffectiveScreenSize:0]]
[2019.10.29-23.26.22:912][  0]LogConfig: Applying CVar settings from Section [EffectsQuality@3] File [C:/Users/0ne5iveSe7en/Desktop/HalloweenProject/Game/Halloween_NathanJ/Saved/Config/Windows/Scalability.ini]
[2019.10.29-23.26.22:912][  0]LogConfig: Setting CVar [[r.TranslucencyLightingVolumeDim:64]]
[2019.10.29-23.26.22:912][  0]LogConfig: Setting CVar [[r.RefractionQuality:2]]
[2019.10.29-23.26.22:912][  0]LogConfig: Setting CVar [[r.SSR.Quality:3]]
[2019.10.29-23.26.22:912][  0]LogConfig: Setting CVar [[r.SceneColorFormat:4]]
[2019.10.29-23.26.22:912][  0]LogConfig: Setting CVar [[r.DetailMode:2]]
[2019.10.29-23.26.22:912][  0]LogConfig: Setting CVar [[r.TranslucencyVolumeBlur:1]]
[2019.10.29-23.26.22:912][  0]LogConfig: Setting CVar [[r.MaterialQualityLevel:1 ; High quality]]
[2019.10.29-23.26.22:912][  0]LogConfig: Setting CVar [[r.SSS.Scale:1]]
[2019.10.29-23.26.22:912][  0]LogConfig: Setting CVar [[r.SSS.SampleSet:2]]
[2019.10.29-23.26.22:912][  0]LogConfig: Setting CVar [[r.SSS.Quality:1]]
[2019.10.29-23.26.22:912][  0]LogConfig: Setting CVar [[r.SSS.HalfRes:1]]
[2019.10.29-23.26.22:912][  0]LogConfig: Setting CVar [[r.EmitterSpawnRateScale:1.0]]
[2019.10.29-23.26.22:912][  0]LogConfig: Setting CVar [[r.ParticleLightQuality:2]]
[2019.10.29-23.26.22:912][  0]LogConfig: Applying CVar settings from Section [FoliageQuality@3] File [C:/Users/0ne5iveSe7en/Desktop/HalloweenProject/Game/Halloween_NathanJ/Saved/Config/Windows/Scalability.ini]
[2019.10.29-23.26.22:912][  0]LogConfig: Setting CVar [[foliage.DensityScale:1.0]]
[2019.10.29-23.26.22:912][  0]LogConfig: Setting CVar [[grass.DensityScale:1.0]]
[2019.10.29-23.26.22:912][  0]LogConfig: Applying CVar settings from Section [Startup] File [../../../Engine/Config/ConsoleVariables.ini]
[2019.10.29-23.26.22:917][  0]LogConfig: Setting CVar [[net.UseAdaptiveNetUpdateFrequency:0]]
[2019.10.29-23.26.22:917][  0]LogConfig: Setting CVar [[p.chaos.AllowCreatePhysxBodies:1]]
[2019.10.29-23.26.22:917][  0]LogConfig: Applying CVar settings from Section [ConsoleVariables] File [C:/Users/0ne5iveSe7en/Desktop/HalloweenProject/Game/Halloween_NathanJ/Saved/Config/Windows/Engine.ini]
[2019.10.29-23.26.22:917][  0]LogInit: Computer: 0NE5IVESE7EN
[2019.10.29-23.26.22:917][  0]LogInit: User: 0ne5iveSe7en
[2019.10.29-23.26.22:917][  0]LogInit: CPU Page size=4096, Cores=4
[2019.10.29-23.26.22:917][  0]LogInit: High frequency timer resolution =10.000000 MHz
[2019.10.29-23.26.22:917][  0]LogMemory: Memory total: Physical=16.0GB (16GB approx)
[2019.10.29-23.26.22:918][  0]LogMemory: Platform Memory Stats for Windows
[2019.10.29-23.26.22:918][  0]LogMemory: Process Physical Memory: 97.69 MB used, 97.70 MB peak
[2019.10.29-23.26.22:918][  0]LogMemory: Process Virtual Memory: 88.84 MB used, 88.84 MB peak
[2019.10.29-23.26.22:918][  0]LogMemory: Physical Memory: 3840.02 MB used,  12499.84 MB free, 16339.86 MB total
[2019.10.29-23.26.22:918][  0]LogMemory: Virtual Memory: 4642.21 MB used,  134213088.00 MB free, 134217728.00 MB total
[2019.10.29-23.26.23:590][  0]LogInit: Using OS detected language (en-US).
[2019.10.29-23.26.23:590][  0]LogInit: Using OS detected locale (en-US).
[2019.10.29-23.26.23:592][  0]LogTextLocalizationManager: No specific localization for 'en-US' exists, so the 'en' localization will be used.
[2019.10.29-23.26.23:879][  0]LogInit: Setting process to per monitor DPI aware
[2019.10.29-23.26.23:972][  0]LogSlate: New Slate User Created.  User Index 0, Is Virtual User: 0
[2019.10.29-23.26.23:973][  0]LogSlate: Slate User Registered.  User Index 0, Is Virtual User: 0
[2019.10.29-23.26.26:306][  0]LogHMD: Failed to initialize OpenVR with code 110
[2019.10.29-23.26.26:306][  0]LogD3D11RHI: D3D11 adapters:
[2019.10.29-23.26.26:363][  0]LogD3D11RHI:    0. 'NVIDIA GeForce GTX 1060' (Feature Level 11_0)
[2019.10.29-23.26.26:363][  0]LogD3D11RHI:       6052/0/8169 MB DedicatedVideo/DedicatedSystem/SharedSystem, Outputs:1, VendorId:0x10de
[2019.10.29-23.26.26:367][  0]LogD3D11RHI:    1. 'Microsoft Basic Render Driver' (Feature Level 11_0)
[2019.10.29-23.26.26:367][  0]LogD3D11RHI:       0/0/8169 MB DedicatedVideo/DedicatedSystem/SharedSystem, Outputs:0, VendorId:0x1414
[2019.10.29-23.26.26:367][  0]LogD3D11RHI: Chosen D3D11 Adapter: 0
[2019.10.29-23.26.26:375][  0]LogD3D11RHI: Creating new Direct3DDevice
[2019.10.29-23.26.26:375][  0]LogD3D11RHI:     GPU DeviceId: 0x1c20 (for the marketing name, search the web for "GPU Device Id")
[2019.10.29-23.26.26:375][  0]LogWindows: EnumDisplayDevices:
[2019.10.29-23.26.26:376][  0]LogWindows:    0. 'NVIDIA GeForce GTX 1060' (P:1 D:1)
[2019.10.29-23.26.26:376][  0]LogWindows:    1. 'NVIDIA GeForce GTX 1060' (P:0 D:0)
[2019.10.29-23.26.26:376][  0]LogWindows:    2. 'NVIDIA GeForce GTX 1060' (P:0 D:0)
[2019.10.29-23.26.26:377][  0]LogWindows:    3. 'NVIDIA GeForce GTX 1060' (P:0 D:0)
[2019.10.29-23.26.26:377][  0]LogWindows: DebugString: FoundDriverCount:4 
[2019.10.29-23.26.26:377][  0]LogD3D11RHI:     Adapter Name: NVIDIA GeForce GTX 1060
[2019.10.29-23.26.26:377][  0]LogD3D11RHI:   Driver Version: 431.86 (internal:26.21.14.3186, unified:431.86)
[2019.10.29-23.26.26:377][  0]LogD3D11RHI:      Driver Date: 8-27-2019
[2019.10.29-23.26.26:377][  0]LogRHI: Texture pool is 4236 MB (70% of 6052 MB)
[2019.10.29-23.26.26:425][  0]LogD3D11RHI: Async texture creation enabled
[2019.10.29-23.26.26:436][  0]LogRendererCore: FGlobalReadBuffer::InitRHI
[2019.10.29-23.26.26:436][  0]LogRendererCore: FGlobalReadBuffer::InitRHI
[2019.10.29-23.26.26:436][  0]LogRendererCore: FGlobalReadBuffer::InitRHI
[2019.10.29-23.26.26:446][  0]LogD3D11RHI: GPU Timing Frequency: 1000.000000 (Debug: 2 1)
[2019.10.29-23.26.27:073][  0]LogTemp: Display: Module 'AllDesktopTargetPlatform' loaded TargetPlatform 'AllDesktop'
[2019.10.29-23.26.27:098][  0]LogTemp: Display: Module 'MacClientTargetPlatform' loaded TargetPlatform 'MacClient'
[2019.10.29-23.26.27:121][  0]LogTemp: Display: Module 'MacNoEditorTargetPlatform' loaded TargetPlatform 'MacNoEditor'
[2019.10.29-23.26.27:147][  0]LogTemp: Display: Module 'MacServerTargetPlatform' loaded TargetPlatform 'MacServer'
[2019.10.29-23.26.27:179][  0]LogTemp: Display: Module 'MacTargetPlatform' loaded TargetPlatform 'Mac'
[2019.10.29-23.26.27:206][  0]LogTemp: Display: Module 'WindowsClientTargetPlatform' loaded TargetPlatform 'WindowsClient'
[2019.10.29-23.26.27:234][  0]LogTemp: Display: Module 'WindowsNoEditorTargetPlatform' loaded TargetPlatform 'WindowsNoEditor'
[2019.10.29-23.26.27:258][  0]LogTemp: Display: Module 'WindowsServerTargetPlatform' loaded TargetPlatform 'WindowsServer'
[2019.10.29-23.26.27:277][  0]LogTemp: Display: Module 'WindowsTargetPlatform' loaded TargetPlatform 'Windows'
[2019.10.29-23.26.27:381][  0]LogTemp: Display: Module 'AndroidTargetPlatform' loaded TargetPlatform 'Android'
[2019.10.29-23.26.27:381][  0]LogTemp: Display: Module 'AndroidTargetPlatform' loaded TargetPlatform 'Android_ASTC'
[2019.10.29-23.26.27:381][  0]LogTemp: Display: Module 'AndroidTargetPlatform' loaded TargetPlatform 'Android_ATC'
[2019.10.29-23.26.27:381][  0]LogTemp: Display: Module 'AndroidTargetPlatform' loaded TargetPlatform 'Android_DXT'
[2019.10.29-23.26.27:381][  0]LogTemp: Display: Module 'AndroidTargetPlatform' loaded TargetPlatform 'Android_ETC1'
[2019.10.29-23.26.27:381][  0]LogTemp: Display: Module 'AndroidTargetPlatform' loaded TargetPlatform 'Android_ETC1a'
[2019.10.29-23.26.27:381][  0]LogTemp: Display: Module 'AndroidTargetPlatform' loaded TargetPlatform 'Android_ETC2'
[2019.10.29-23.26.27:381][  0]LogTemp: Display: Module 'AndroidTargetPlatform' loaded TargetPlatform 'Android_PVRTC'
[2019.10.29-23.26.27:381][  0]LogTemp: Display: Module 'AndroidTargetPlatform' loaded TargetPlatform 'AndroidClient'
[2019.10.29-23.26.27:381][  0]LogTemp: Display: Module 'AndroidTargetPlatform' loaded TargetPlatform 'Android_ASTCClient'
[2019.10.29-23.26.27:381][  0]LogTemp: Display: Module 'AndroidTargetPlatform' loaded TargetPlatform 'Android_ATCClient'
[2019.10.29-23.26.27:381][  0]LogTemp: Display: Module 'AndroidTargetPlatform' loaded TargetPlatform 'Android_DXTClient'
[2019.10.29-23.26.27:381][  0]LogTemp: Display: Module 'AndroidTargetPlatform' loaded TargetPlatform 'Android_ETC1Client'
[2019.10.29-23.26.27:381][  0]LogTemp: Display: Module 'AndroidTargetPlatform' loaded TargetPlatform 'Android_ETC1aClient'
[2019.10.29-23.26.27:381][  0]LogTemp: Display: Module 'AndroidTargetPlatform' loaded TargetPlatform 'Android_ETC2Client'
[2019.10.29-23.26.27:381][  0]LogTemp: Display: Module 'AndroidTargetPlatform' loaded TargetPlatform 'Android_PVRTCClient'
[2019.10.29-23.26.27:381][  0]LogTemp: Display: Module 'AndroidTargetPlatform' loaded TargetPlatform 'Android_Multi'
[2019.10.29-23.26.27:381][  0]LogTemp: Display: Module 'AndroidTargetPlatform' loaded TargetPlatform 'Android_MultiClient'
[2019.10.29-23.26.27:394][  0]LogTemp: Display: Module 'HTML5TargetPlatform' loaded TargetPlatform 'HTML5'
[2019.10.29-23.26.27:492][  0]LogTemp: Display: Module 'IOSTargetPlatform' loaded TargetPlatform 'IOSClient'
[2019.10.29-23.26.27:492][  0]LogTemp: Display: Module 'IOSTargetPlatform' loaded TargetPlatform 'IOS'
[2019.10.29-23.26.27:526][  0]LogTemp: Display: Module 'TVOSTargetPlatform' loaded TargetPlatform 'TVOSClient'
[2019.10.29-23.26.27:526][  0]LogTemp: Display: Module 'TVOSTargetPlatform' loaded TargetPlatform 'TVOS'
[2019.10.29-23.26.27:553][  0]LogTemp: Display: Module 'LinuxClientTargetPlatform' loaded TargetPlatform 'LinuxClient'
[2019.10.29-23.26.27:577][  0]LogTemp: Display: Module 'LinuxNoEditorTargetPlatform' loaded TargetPlatform 'LinuxNoEditor'
[2019.10.29-23.26.27:601][  0]LogTemp: Display: Module 'LinuxServerTargetPlatform' loaded TargetPlatform 'LinuxServer'
[2019.10.29-23.26.27:636][  0]LogTemp: Display: Module 'LinuxTargetPlatform' loaded TargetPlatform 'Linux'
[2019.10.29-23.26.27:695][  0]LogTemp: Display: Module 'LuminTargetPlatform' loaded TargetPlatform 'Lumin'
[2019.10.29-23.26.27:695][  0]LogTemp: Display: Module 'LuminTargetPlatform' loaded TargetPlatform 'LuminClient'
[2019.10.29-23.26.27:695][  0]LogTargetPlatformManager: Display: Building Assets For Windows
[2019.10.29-23.26.27:757][  0]LogAudioDebug: Display: Lib vorbis DLL was dynamically loaded.
[2019.10.29-23.26.28:049][  0]LogShaderCompilers: Guid format shader working directory is -16 characters bigger than the processId version (C:/Users/0ne5iveSe7en/Desktop/HalloweenProject/Game/Halloween_NathanJ/Intermediate/Shaders/WorkingDirectory/9124/).
[2019.10.29-23.26.28:049][  0]LogShaderCompilers: Cleaned the shader compiler working directory 'C:/Users/0ne5iveSe7en/AppData/Local/Temp/UnrealShaderWorkingDir/DA0126F5454D1E88708807B09E3DA658/'.
[2019.10.29-23.26.28:051][  0]LogXGEController: Cleaning working directory: C:/Users/0ne5iveSe7en/AppData/Local/Temp/UnrealXGEWorkingDir/
[2019.10.29-23.26.28:051][  0]LogXGEController: Cannot use XGE Controller as Incredibuild is not installed on this machine.
[2019.10.29-23.26.28:052][  0]LogShaderCompilers: Cannot use XGE Shader Compiler as Incredibuild is not installed on this machine.
[2019.10.29-23.26.28:052][  0]LogShaderCompilers: Display: Using Local Shader Compiler.
[2019.10.29-23.26.30:284][  0]LogDerivedDataCache: Display: Max Cache Size: 512 MB
[2019.10.29-23.26.30:400][  0]LogDerivedDataCache: Loaded boot cache 0.11s 71MB C:/Users/0ne5iveSe7en/AppData/Local/UnrealEngine/4.22/DerivedDataCache/Boot.ddc.
[2019.10.29-23.26.30:400][  0]LogDerivedDataCache: Display: Loaded Boot cache: C:/Users/0ne5iveSe7en/AppData/Local/UnrealEngine/4.22/DerivedDataCache/Boot.ddc
[2019.10.29-23.26.30:400][  0]LogDerivedDataCache: FDerivedDataBackendGraph:  Pak pak cache file C:/Users/0ne5iveSe7en/Desktop/HalloweenProject/Game/Halloween_NathanJ/DerivedDataCache/DDC.ddp not found, will not use a pak cache.
[2019.10.29-23.26.30:400][  0]LogDerivedDataCache: Unable to find inner node Pak for hierarchical cache Hierarchy.
[2019.10.29-23.26.30:400][  0]LogDerivedDataCache: FDerivedDataBackendGraph:  CompressedPak pak cache file C:/Users/0ne5iveSe7en/Desktop/HalloweenProject/Game/Halloween_NathanJ/DerivedDataCache/Compressed.ddp not found, will not use a pak cache.
[2019.10.29-23.26.30:400][  0]LogDerivedDataCache: Unable to find inner node CompressedPak for hierarchical cache Hierarchy.
[2019.10.29-23.26.30:423][  0]LogDerivedDataCache: Display: Pak cache opened for reading ../../../Engine/DerivedDataCache/Compressed.ddp.
[2019.10.29-23.26.30:423][  0]LogDerivedDataCache: FDerivedDataBackendGraph:  EnterprisePak pak cache file ../../../Enterprise/DerivedDataCache/Compressed.ddp not found, will not use a pak cache.
[2019.10.29-23.26.30:423][  0]LogDerivedDataCache: Unable to find inner node EnterprisePak for hierarchical cache Hierarchy.
[2019.10.29-23.26.30:436][  0]LogDerivedDataCache: Using Local data cache path C:/Users/0ne5iveSe7en/AppData/Local/UnrealEngine/Common/DerivedDataCache: Writable
[2019.10.29-23.26.30:436][  0]LogDerivedDataCache: Shared data cache path not found in *engine.ini, will not use an Shared cache.
[2019.10.29-23.26.30:436][  0]LogDerivedDataCache: Unable to find inner node Shared for hierarchical cache Hierarchy.
[2019.10.29-23.26.30:462][  0]LogMaterial: Verifying Global Shaders for PCD3D_SM5
[2019.10.29-23.26.30:472][  0]LogSlate: Using FreeType 2.6.0
[2019.10.29-23.26.30:488][  0]LogSlate: SlateFontServices - WITH_FREETYPE: 1, WITH_HARFBUZZ: 1
[2019.10.29-23.26.30:790][  0]LogAssetRegistry: FAssetRegistry took 0.0356 seconds to start up
[2019.10.29-23.26.31:226][  0]LogInit: Selected Device Profile: [Windows]
[2019.10.29-23.26.31:672][  0]LogMeshReduction: Using QuadricMeshReduction for automatic static mesh reduction
[2019.10.29-23.26.31:672][  0]LogMeshReduction: Using SimplygonMeshReduction for automatic skeletal mesh reduction
[2019.10.29-23.26.31:672][  0]LogMeshReduction: Using ProxyLODMeshReduction for automatic mesh merging
[2019.10.29-23.26.31:672][  0]LogMeshReduction: No distributed automatic mesh merging module available
[2019.10.29-23.26.31:672][  0]LogMeshMerging: No distributed automatic mesh merging module available
[2019.10.29-23.26.31:722][  0]LogNetVersion: Halloween_NathanJ 1.0.0, NetCL: 5660361, EngineNetVer: 10, GameNetVer: 0 (Checksum: 4241844770)
[2019.10.29-23.26.32:954][  0]LogPackageLocalizationCache: Processed 10 localized package path(s) for 1 prioritized culture(s) in 0.053903 seconds
[2019.10.29-23.26.32:960][  0]LogUObjectArray: 42205 objects as part of root set at end of initial load.
[2019.10.29-23.26.32:961][  0]LogUObjectAllocator: 7325032 out of 0 bytes used by permanent object pool.
[2019.10.29-23.26.32:961][  0]LogUObjectArray: CloseDisregardForGC: 0/0 objects in disregard for GC pool
[2019.10.29-23.26.36:851][  0]LogTcpMessaging: Initializing TcpMessaging bridge
[2019.10.29-23.26.36:880][  0]LogUdpMessaging: Initializing bridge on interface 0.0.0.0:0 to multicast group 230.0.0.1:6666.
[2019.10.29-23.26.37:232][  0]SourceControl: Source control is disabled
[2019.10.29-23.26.37:233][  0]SourceControl: Source control is disabled
[2019.10.29-23.26.37:259][  0]SourceControl: Source control is disabled
[2019.10.29-23.26.37:276][  0]SourceControl: Source control is disabled
[2019.10.29-23.26.37:322][  0]LogVSAccessor: Display: Unable to create Visual Studio setup instance: 80040154
[2019.10.29-23.26.37:323][  0]LogVSAccessor: Display: Unable to create Visual Studio setup instance: 80040154
[2019.10.29-23.26.37:865][  0]LogAndroidPermission: UAndroidPermissionCallbackProxy::GetInstance
[2019.10.29-23.26.38:130][  0]LogOcInput: OculusInput pre-init called
[2019.10.29-23.26.38:975][  0]LogEngine: Initializing Engine...
[2019.10.29-23.26.38:977][  0]LogHMD: Failed to initialize OpenVR with code 110
[2019.10.29-23.26.38:980][  0]LogStats: UGameplayTagsManager::InitializeManager -  0.001 s
[2019.10.29-23.26.39:383][  0]LogInit: Initializing FReadOnlyCVARCache
[2019.10.29-23.26.39:429][  0]LogAIModule: Creating AISystem for world Untitled
[2019.10.29-23.26.39:444][  0]LogInit: XAudio2 using 'Speakers (Realtek High Definition Audio)' : 6 channels at 48 kHz using 16 bits per sample (channel mask 0x3f)
[2019.10.29-23.26.39:712][  0]LogInit: FAudioDevice initialized.
[2019.10.29-23.26.39:713][  0]LogNetVersion: Set ProjectVersion to 1.0.0.0. Version Checksum will be recalculated on next use.
[2019.10.29-23.26.39:760][  0]LogDerivedDataCache: Saved boot cache 0.05s 71MB C:/Users/0ne5iveSe7en/AppData/Local/UnrealEngine/4.22/DerivedDataCache/Boot.ddc.
[2019.10.29-23.26.39:766][  0]LogInit: Texture streaming: Enabled
[2019.10.29-23.26.39:834][  0]LogEngineSessionManager: EngineSessionManager initialized
[2019.10.29-23.26.39:892][  0]LogInit: Transaction tracking system initialized
[2019.10.29-23.26.39:990][  0]BlueprintLog: New page: Editor Load
[2019.10.29-23.26.40:408][  0]LocalizationService: Localization service is disabled
[2019.10.29-23.26.40:864][  0]LogVSAccessor: Display: Unable to create Visual Studio setup instance: 80040154
[2019.10.29-23.26.40:864][  0]LogVSAccessor: Display: Unable to create Visual Studio setup instance: 80040154
[2019.10.29-23.26.41:278][  0]LogCook: Display: Max memory allowance for cook 16384mb min free memory 0mb
[2019.10.29-23.26.41:278][  0]LogCook: Display: Mobile HDR setting 1
[2019.10.29-23.26.42:119][  0]LogFileCache: Scanning file cache for directory 'C:/Users/0ne5iveSe7en/Desktop/HalloweenProject/Game/Halloween_NathanJ/Content/' took 0.03s
[2019.10.29-23.26.42:158][  0]SourceControl: Source control is disabled
[2019.10.29-23.26.42:159][  0]Cmd: MAP LOAD FILE="C:/Users/0ne5iveSe7en/Desktop/HalloweenProject/Game/Halloween_NathanJ/Content/Maps/Halloween_Map.umap" TEMPLATE=0 SHOWPROGRESS=1 FEATURELEVEL=3
[2019.10.29-23.26.42:160][  0]LightingResults: New page: Lighting Build
[2019.10.29-23.26.42:167][  0]MapCheck: New page: Map Check
[2019.10.29-23.26.42:167][  0]LightingResults: New page: Lighting Build
[2019.10.29-23.26.42:196][  0]LogUObjectHash: Compacting FUObjectHashTables data took   1.82ms
[2019.10.29-23.26.55:024][  0]LoadErrors: Warning: Linear color curves now accurately handle RGB values > 1. If you were relying on HSV clamping, please update Curve_GoodSky_AllOverlayColor
[2019.10.29-23.26.55:067][  0]LoadErrors: Warning: Linear color curves now accurately handle RGB values > 1. If you were relying on HSV clamping, please update Curve_GoodSky_BaseCloudColor
[2019.10.29-23.26.55:067][  0]LoadErrors: Warning: Linear color curves now accurately handle RGB values > 1. If you were relying on HSV clamping, please update Curve_GoodSky_DomeColor
[2019.10.29-23.26.55:082][  0]LoadErrors: Warning: Linear color curves now accurately handle RGB values > 1. If you were relying on HSV clamping, please update Curve_GoodSky_horizon_Color
[2019.10.29-23.26.56:478][  0]LogAIModule: Creating AISystem for world Halloween_Map
[2019.10.29-23.26.57:002][  0]LogEditorServer: Finished looking for orphan Actors (0.000 secs)
[2019.10.29-23.26.57:064][  0]LogUObjectHash: Compacting FUObjectHashTables data took   2.79ms
[2019.10.29-23.26.57:064][  0]Cmd: MAP CHECKDEP NOCLEARLOG
[2019.10.29-23.26.57:065][  0]MapCheck: Map check complete: 0 Error(s), 0 Warning(s), took 0.287ms to complete.
[2019.10.29-23.26.57:065][  0]LogFileHelpers: Loading map 'Halloween_Map' took 14.906
[2019.10.29-23.26.57:329][  0]LogSlate: Updating window title bar state: overlay mode, drag disabled, window buttons hidden, title bar hidden
[2019.10.29-23.26.57:352][  0]LogSlate: Updating window title bar state: overlay mode, drag disabled, window buttons hidden, title bar hidden
[2019.10.29-23.26.57:362][  0]LogSlate: Updating window title bar state: overlay mode, drag disabled, window buttons hidden, title bar hidden
[2019.10.29-23.26.57:372][  0]LogSlate: Updating window title bar state: overlay mode, drag disabled, window buttons hidden, title bar hidden
[2019.10.29-23.26.57:717][  0]LogCollectionManager: Loaded 0 collections in 0.000993 seconds
[2019.10.29-23.26.57:760][  0]LogFileCache: Scanning file cache for directory 'C:/Users/0ne5iveSe7en/Desktop/HalloweenProject/Game/Halloween_NathanJ/Saved/Collections/' took 0.01s
[2019.10.29-23.26.57:760][  0]LogFileCache: Scanning file cache for directory 'C:/Users/0ne5iveSe7en/Desktop/HalloweenProject/Game/Halloween_NathanJ/Content/Developers/0ne5iveSe7en/Collections/' took 0.01s
[2019.10.29-23.26.57:760][  0]LogFileCache: Scanning file cache for directory 'C:/Users/0ne5iveSe7en/Desktop/HalloweenProject/Game/Halloween_NathanJ/Content/Collections/' took 0.00s
[2019.10.29-23.26.57:760][  0]LogCollectionManager: Rebuilt the GUID cache for 0 collections in 0.000001 seconds
[2019.10.29-23.26.57:777][  0]LogContentBrowser: Native class hierarchy populated in 0.0164 seconds. Added 2733 classes and 661 folders.
[2019.10.29-23.26.57:786][  0]LogContentBrowser: Native class hierarchy updated for 'WidgetCarousel' in 0.0003 seconds. Added 0 classes and 0 folders.
[2019.10.29-23.26.57:800][  0]LogPakFile: Registered encryption key '00000000000000000000000000000000': 0 pak files mounted, 0 remain pending
[2019.10.29-23.26.57:811][  0]LogPakFile: Registered encryption key '00000000000000000000000000000000': 0 pak files mounted, 0 remain pending
[2019.10.29-23.26.57:831][  0]LogPakFile: Registered encryption key '00000000000000000000000000000000': 0 pak files mounted, 0 remain pending
[2019.10.29-23.26.57:839][  0]LogPakFile: Registered encryption key '00000000000000000000000000000000': 0 pak files mounted, 0 remain pending
[2019.10.29-23.26.57:847][  0]LogPakFile: Registered encryption key '00000000000000000000000000000000': 0 pak files mounted, 0 remain pending
[2019.10.29-23.26.57:854][  0]LogPakFile: Registered encryption key '00000000000000000000000000000000': 0 pak files mounted, 0 remain pending
[2019.10.29-23.26.57:860][  0]LogPakFile: Registered encryption key '00000000000000000000000000000000': 0 pak files mounted, 0 remain pending
[2019.10.29-23.26.57:868][  0]LogPakFile: Registered encryption key '00000000000000000000000000000000': 0 pak files mounted, 0 remain pending
[2019.10.29-23.26.57:876][  0]LogPakFile: Registered encryption key '00000000000000000000000000000000': 0 pak files mounted, 0 remain pending
[2019.10.29-23.26.57:885][  0]LogPakFile: Registered encryption key '00000000000000000000000000000000': 0 pak files mounted, 0 remain pending
[2019.10.29-23.26.57:891][  0]LogPakFile: Registered encryption key '00000000000000000000000000000000': 0 pak files mounted, 0 remain pending
[2019.10.29-23.26.57:897][  0]LogPakFile: Registered encryption key '00000000000000000000000000000000': 0 pak files mounted, 0 remain pending
[2019.10.29-23.26.57:904][  0]LogPakFile: Registered encryption key '00000000000000000000000000000000': 0 pak files mounted, 0 remain pending
[2019.10.29-23.26.57:912][  0]LogPakFile: Registered encryption key '00000000000000000000000000000000': 0 pak files mounted, 0 remain pending
[2019.10.29-23.26.57:918][  0]LogPakFile: Registered encryption key '00000000000000000000000000000000': 0 pak files mounted, 0 remain pending
[2019.10.29-23.26.57:924][  0]LogPakFile: Registered encryption key '00000000000000000000000000000000': 0 pak files mounted, 0 remain pending
[2019.10.29-23.26.57:950][  0]LogPakFile: Registered encryption key '00000000000000000000000000000000': 0 pak files mounted, 0 remain pending
[2019.10.29-23.26.57:957][  0]LogPakFile: Registered encryption key '00000000000000000000000000000000': 0 pak files mounted, 0 remain pending
[2019.10.29-23.26.57:967][  0]LogPakFile: Registered encryption key '00000000000000000000000000000000': 0 pak files mounted, 0 remain pending
[2019.10.29-23.26.57:973][  0]LogPakFile: Registered encryption key '00000000000000000000000000000000': 0 pak files mounted, 0 remain pending
[2019.10.29-23.26.57:980][  0]LogPakFile: Registered encryption key '00000000000000000000000000000000': 0 pak files mounted, 0 remain pending
[2019.10.29-23.26.57:990][  0]LogPakFile: Registered encryption key '00000000000000000000000000000000': 0 pak files mounted, 0 remain pending
[2019.10.29-23.26.58:000][  0]LogPakFile: Registered encryption key '00000000000000000000000000000000': 0 pak files mounted, 0 remain pending
[2019.10.29-23.26.58:011][  0]LogPakFile: Registered encryption key '00000000000000000000000000000000': 0 pak files mounted, 0 remain pending
[2019.10.29-23.26.58:018][  0]LogPakFile: Registered encryption key '00000000000000000000000000000000': 0 pak files mounted, 0 remain pending
[2019.10.29-23.26.58:025][  0]LogPakFile: Registered encryption key '00000000000000000000000000000000': 0 pak files mounted, 0 remain pending
[2019.10.29-23.26.58:250][  0]LogContentBrowser: Native class hierarchy updated for 'AddContentDialog' in 0.0003 seconds. Added 0 classes and 0 folders.
[2019.10.29-23.26.58:273][  0]LogSlate: Took 0.006947 seconds to synchronously load lazily loaded font '../../../Engine/Content/Slate/Fonts/Roboto-Regular.ttf' (155K)
[2019.10.29-23.26.58:281][  0]LogSlate: Took 0.005116 seconds to synchronously load lazily loaded font '../../../Engine/Content/Slate/Fonts/Roboto-Bold.ttf' (160K)
[2019.10.29-23.26.58:291][  0]LogSlate: Took 0.005010 seconds to synchronously load lazily loaded font '../../../Engine/Content/Editor/Slate/Fonts/FontAwesome.ttf' (139K)
[2019.10.29-23.26.58:387][  0]LogRenderer: Reallocating scene render targets to support 1268x604 Format 10 NumSamples 1 (Frame:1).
[2019.10.29-23.26.58:620][  0]LogContentBrowser: Native class hierarchy updated for 'HierarchicalLODOutliner' in 0.0003 seconds. Added 0 classes and 0 folders.
[2019.10.29-23.26.58:620][  0]LogLoad: (Engine Initialization) Total time: 40.31 seconds
[2019.10.29-23.26.58:621][  0]LogLoad: (Engine Initialization) Total Blueprint compile time: 0.00 seconds
[2019.10.29-23.26.58:672][  0]LogAssetRegistry: Asset discovery search completed in 27.9053 seconds
[2019.10.29-23.26.58:675][  0]LogCollectionManager: Rebuilt the object cache for 0 collections in 0.000001 seconds (found 0 objects)
[2019.10.29-23.26.58:675][  0]LogCollectionManager: Fixed up redirectors for 0 collections in 0.000046 seconds (updated 0 objects)
[2019.10.29-23.26.58:678][  0]LogContentStreaming: Texture pool size now 1000 MB
[2019.10.29-23.27.04:302][301]LogSlate: FSceneViewport::OnFocusLost() reason 0
[2019.10.29-23.27.04:324][301]LogSlate: Took 0.007267 seconds to synchronously load lazily loaded font '../../../Engine/Content/Slate/Fonts/Roboto-Light.ttf' (167K)
[2019.10.29-23.28.23:997][443]LogConsoleManager: Warning: Console object named 'ActorComponents.Enable' already exists but is being registered again, but we weren't expected it to be! (FConsoleManager::AddConsoleObject)
[2019.10.29-23.28.24:003][443]LogSlate: FSceneViewport::OnFocusLost() reason 2
[2019.10.29-23.28.25:832][661]LogSlate: FSceneViewport::OnFocusLost() reason 2
[2019.10.29-23.28.27:446][661]LogSlate: Window 'Convert Matinee to Level Sequence Asset' being destroyed
[2019.10.29-23.28.27:502][661]LogContentBrowser: Native class hierarchy updated for 'Matinee' in 0.0003 seconds. Added 15 classes and 2 folders.
[2019.10.29-23.28.27:512][661]LogInit: Transaction tracking system initialized
[2019.10.29-23.28.27:513][661]EditorErrors: New page: Matinee Initialization
[2019.10.29-23.28.27:577][661]LogSlate: FSceneViewport::OnFocusLost() reason 2
[2019.10.29-23.28.45:474][400]LogSlate: FSceneViewport::OnFocusLost() reason 2
[2019.10.29-23.28.49:913][600]LogSlate: FSceneViewport::OnFocusLost() reason 0
[2019.10.29-23.29.18:842][621]LogSlate: FSceneViewport::OnFocusLost() reason 2
[2019.10.29-23.29.27:173][987]LogSlate: FSceneViewport::OnFocusLost() reason 0
[2019.10.29-23.29.46:889][549]LogSlate: FSceneViewport::OnFocusLost() reason 2
[2019.10.29-23.29.48:234][707]LogSlate: FSceneViewport::OnFocusLost() reason 2
[2019.10.29-23.30.02:530][754]LogSlate: FSceneViewport::OnFocusLost() reason 0
[2019.10.29-23.30.16:331][697]LogSlate: FSceneViewport::OnFocusLost() reason 2
[2019.10.29-23.30.17:430][824]LogSlate: FSceneViewport::OnFocusLost() reason 2
[2019.10.29-23.30.23:814][246]LogSlate: FSceneViewport::OnFocusLost() reason 0
[2019.10.29-23.30.45:329][908]LogSlate: FSceneViewport::OnFocusLost() reason 2
[2019.10.29-23.30.46:274][ 20]LogSlate: FSceneViewport::OnFocusLost() reason 2
[2019.10.29-23.30.50:860][327]LogSlate: FSceneViewport::OnFocusLost() reason 0
[2019.10.29-23.31.27:133][647]LogSlate: Took 0.000185 seconds to synchronously load lazily loaded font '../../../Engine/Content/Slate/Fonts/Roboto-Light.ttf' (167K)
[2019.10.29-23.31.28:638][647]LogSlate: Window 'Message' being destroyed
[2019.10.29-23.31.28:642][647]LogSlate: Window 'MatineeActor' being destroyed
[2019.10.29-23.31.28:677][647]LogUObjectHash: Compacting FUObjectHashTables data took   1.78ms
[2019.10.29-23.31.30:180][647]LogSavePackage: Moving 'C:/Users/0ne5iveSe7en/Desktop/HalloweenProject/Game/Halloween_NathanJ/Saved/Halloween_MapDE6E7ADB46FEC5696947B5AA862BF267.tmp' to 'C:/Users/0ne5iveSe7en/Desktop/HalloweenProject/Game/Halloween_NathanJ/Content/Maps/Halloween_Map.umap'
[2019.10.29-23.31.30:254][647]LogFileHelpers: Saving map 'Halloween_Map' took 1.607
[2019.10.29-23.32.14:299][281]LogSlate: FSceneViewport::OnFocusLost() reason 0
[2019.10.29-23.32.14:380][290]LogTemp: Repeating last play command: Selected Viewport
[2019.10.29-23.32.14:397][290]LogBlueprintUserMessages: Early PlayInEditor Detection: Level '/Game/Maps/Halloween_Map.Halloween_Map:PersistentLevel' has LevelScriptBlueprint '/Game/Maps/Halloween_Map.Halloween_Map:PersistentLevel.Halloween_Map' with GeneratedClass '/Game/Maps/Halloween_Map.Halloween_Map_C' with ClassGeneratedBy '/Game/Maps/Halloween_Map.Halloween_Map:PersistentLevel.Halloween_Map'
[2019.10.29-23.32.14:402][290]LogPlayLevel: PlayLevel: No blueprints needed recompiling
[2019.10.29-23.32.14:403][290]PIE: New page: PIE session: Halloween_Map (Oct 29, 2019, 1:32:14 PM)
[2019.10.29-23.32.14:418][290]LogPlayLevel: Creating play world package: /Game/Maps/UEDPIE_0_Halloween_Map
[2019.10.29-23.32.14:530][290]LogPlayLevel: PIE: StaticDuplicateObject took: (0.112339s)
[2019.10.29-23.32.14:531][290]LogAIModule: Creating AISystem for world Halloween_Map
[2019.10.29-23.32.14:532][290]LogPlayLevel: PIE: World Init took: (0.001299s)
[2019.10.29-23.32.14:532][290]LogPlayLevel: PIE: Created PIE world by copying editor world from /Game/Maps/Halloween_Map.Halloween_Map to /Game/Maps/UEDPIE_0_Halloween_Map.Halloween_Map (0.114366s)
[2019.10.29-23.32.14:559][290]LogExit: Transaction tracking system shut down
[2019.10.29-23.32.14:562][290]LogUObjectHash: Compacting FUObjectHashTables data took   2.25ms
[2019.10.29-23.32.14:570][290]LogInit: XAudio2 using 'Speakers (Realtek High Definition Audio)' : 6 channels at 48 kHz using 16 bits per sample (channel mask 0x3f)
[2019.10.29-23.32.14:635][290]LogInit: FAudioDevice initialized.
[2019.10.29-23.32.14:680][290]LogLoad: Game class is 'FirstPersonGameMode_C'
[2019.10.29-23.32.14:744][290]LogWorld: Bringing World /Game/Maps/UEDPIE_0_Halloween_Map.Halloween_Map up for play (max tick rate 0) at 2019.10.29-18.32.14
[2019.10.29-23.32.14:750][290]LogWorld: Bringing up level for play took: 0.062513
[2019.10.29-23.32.14:770][290]LogContentBrowser: Native class hierarchy updated for 'MovieSceneCapture' in 0.0004 seconds. Added 20 classes and 0 folders.
[2019.10.29-23.32.14:774][290]PIE: Play in editor start time for /Game/Maps/UEDPIE_0_Halloween_Map -0.138
[2019.10.29-23.32.14:774][290]LogBlueprintUserMessages: Late PlayInEditor Detection: Level '/Game/Maps/Halloween_Map.Halloween_Map:PersistentLevel' has LevelScriptBlueprint '/Game/Maps/Halloween_Map.Halloween_Map:PersistentLevel.Halloween_Map' with GeneratedClass '/Game/Maps/Halloween_Map.Halloween_Map_C' with ClassGeneratedBy '/Game/Maps/Halloween_Map.Halloween_Map:PersistentLevel.Halloween_Map'
[2019.10.29-23.32.16:847][481]LogParticles: Warning: Particle Notify: Particle system is null for particle notify 'PlayParticleEffect' in anim: '/Game/ParagonMorigesh/Characters/Heroes/Morigesh/Animations/LevelStart_Montage.LevelStart_Montage'
[2019.10.29-23.32.53:885][701]LogBlueprintUserMessages: Early EndPlayMap Detection: Level '/Game/Maps/Halloween_Map.Halloween_Map:PersistentLevel' has LevelScriptBlueprint '/Game/Maps/Halloween_Map.Halloween_Map:PersistentLevel.Halloween_Map' with GeneratedClass '/Game/Maps/Halloween_Map.Halloween_Map_C' with ClassGeneratedBy '/Game/Maps/Halloween_Map.Halloween_Map:PersistentLevel.Halloween_Map'
[2019.10.29-23.32.53:886][701]LogSlate: Updating window title bar state: overlay mode, drag disabled, window buttons hidden, title bar hidden
[2019.10.29-23.32.53:943][701]LogPlayLevel: Display: Shutting down PIE online subsystems
[2019.10.29-23.32.53:943][701]LogBlueprintUserMessages: Late EndPlayMap Detection: Level '/Game/Maps/Halloween_Map.Halloween_Map:PersistentLevel' has LevelScriptBlueprint '/Game/Maps/Halloween_Map.Halloween_Map:PersistentLevel.Halloween_Map' with GeneratedClass '/Game/Maps/Halloween_Map.Halloween_Map_C' with ClassGeneratedBy '/Game/Maps/Halloween_Map.Halloween_Map:PersistentLevel.Halloween_Map'
[2019.10.29-23.32.53:990][701]LogSlate: Updating window title bar state: overlay mode, drag disabled, window buttons hidden, title bar hidden
[2019.10.29-23.32.53:999][701]LogUObjectHash: Compacting FUObjectHashTables data took   2.12ms
[2019.10.29-23.32.54:016][702]LogPlayLevel: Display: Destroying online subsystem :Context_1
[2019.10.29-23.32.54:983][793]LogConsoleManager: Warning: Console object named 'ActorComponents.Enable' already exists but is being registered again, but we weren't expected it to be! (FConsoleManager::AddConsoleObject)
[2019.10.29-23.33.09:807][413]LogSlate: Window 'Convert Matinee to Level Sequence Asset' being destroyed
[2019.10.29-23.33.09:813][413]LogInit: Transaction tracking system initialized
[2019.10.29-23.33.09:813][413]EditorErrors: New page: Matinee Initialization
[2019.10.29-23.33.52:794][395]LogSlate: FSceneViewport::OnFocusLost() reason 2
[2019.10.29-23.33.53:824][517]LogSlate: FSceneViewport::OnFocusLost() reason 2
[2019.10.29-23.34.04:760][198]LogSlate: FSceneViewport::OnFocusLost() reason 0
[2019.10.29-23.34.28:681][717]LogSlate: FSceneViewport::OnFocusLost() reason 2
[2019.10.29-23.34.41:802][ 49]LogSlate: FSceneViewport::OnFocusLost() reason 0
[2019.10.29-23.34.57:249][ 52]LogSlate: FSceneViewport::OnFocusLost() reason 0
[2019.10.29-23.35.03:426][444]LogSlate: FSceneViewport::OnFocusLost() reason 0
[2019.10.29-23.35.25:292][802]LogEditorViewport: Clicking on Actor (LMB): StaticMeshActor (SM_Pillar16)
[2019.10.29-23.35.30:432][ 97]LogSlate: FSceneViewport::OnFocusLost() reason 2
[2019.10.29-23.35.49:330][122]LogSlate: FSceneViewport::OnFocusLost() reason 2
[2019.10.29-23.36.00:388][720]LogEditorViewport: Clicking on Actor (LMB): StaticMeshActor (SM_Dungeon_Wall60)
[2019.10.29-23.36.02:671][846]Cmd: SELECT NONE
[2019.10.29-23.36.04:902][979]LogSlate: FSceneViewport::OnFocusLost() reason 2
[2019.10.29-23.36.07:511][136]LogSlate: FSceneViewport::OnFocusLost() reason 2
[2019.10.29-23.36.11:261][353]LogSlate: FSceneViewport::OnFocusLost() reason 2
[2019.10.29-23.36.19:517][738]LogSlate: FSceneViewport::OnFocusLost() reason 0
[2019.10.29-23.36.21:361][923]Cmd: TRANSACTION UNDO
[2019.10.29-23.36.21:361][923]LogEditorTransaction: Undo Update Key Frame
[2019.10.29-23.36.23:785][140]Cmd: TRANSACTION UNDO
[2019.10.29-23.36.23:785][140]LogEditorTransaction: Undo Update Key Frame
[2019.10.29-23.36.25:597][305]Cmd: TRANSACTION UNDO
[2019.10.29-23.36.25:597][305]LogEditorTransaction: Undo Update Key Frame
[2019.10.29-23.36.27:849][503]Cmd: TRANSACTION UNDO
[2019.10.29-23.36.27:849][503]LogEditorTransaction: Undo Update Key Frame
[2019.10.29-23.36.32:673][791]LogSlate: FSceneViewport::OnFocusLost() reason 2
[2019.10.29-23.36.34:203][972]Cmd: TRANSACTION UNDO
[2019.10.29-23.36.34:203][972]LogEditorTransaction: Undo Update Key Frame
[2019.10.29-23.36.35:263][ 42]LogSlate: FSceneViewport::OnFocusLost() reason 2
[2019.10.29-23.36.35:848][111]Cmd: TRANSACTION UNDO
[2019.10.29-23.36.35:848][111]LogEditorTransaction: Undo Update Key Frame
[2019.10.29-23.36.36:326][142]LogSlate: FSceneViewport::OnFocusLost() reason 2
[2019.10.29-23.36.36:914][211]Cmd: TRANSACTION UNDO
[2019.10.29-23.36.36:914][211]LogEditorTransaction: Undo Update Key Frame
[2019.10.29-23.36.37:386][242]LogSlate: FSceneViewport::OnFocusLost() reason 2
[2019.10.29-23.36.45:337][889]LogSlate: FSceneViewport::OnFocusLost() reason 2
[2019.10.29-23.36.46:936][957]LogSlate: FSceneViewport::OnFocusLost() reason 2
[2019.10.29-23.36.58:331][739]LogSlate: FSceneViewport::OnFocusLost() reason 2
[2019.10.29-23.36.59:967][764]LogSlate: FSceneViewport::OnFocusLost() reason 2
[2019.10.29-23.37.07:578][316]LogSlate: FSceneViewport::OnFocusLost() reason 2
[2019.10.29-23.37.31:707][748]LogSlate: FSceneViewport::OnFocusLost() reason 2
[2019.10.29-23.37.32:683][855]LogSlate: FSceneViewport::OnFocusLost() reason 2
[2019.10.29-23.37.44:980][831]LogSlate: FSceneViewport::OnFocusLost() reason 2
[2019.10.29-23.37.47:000][ 15]LogSlate: FSceneViewport::OnFocusLost() reason 2
[2019.10.29-23.38.02:063][105]LogSlate: FSceneViewport::OnFocusLost() reason 0
[2019.10.29-23.38.21:921][384]LogSlate: Window 'Message' being destroyed
[2019.10.29-23.38.21:927][384]LogSlate: Window 'MatineeActor' being destroyed
[2019.10.29-23.38.21:959][384]LogUObjectHash: Compacting FUObjectHashTables data took   2.01ms
[2019.10.29-23.38.23:454][384]LogSavePackage: Moving 'C:/Users/0ne5iveSe7en/Desktop/HalloweenProject/Game/Halloween_NathanJ/Saved/Halloween_MapD47AF7AB491B51A5DEB823A8C5D1439D.tmp' to 'C:/Users/0ne5iveSe7en/Desktop/HalloweenProject/Game/Halloween_NathanJ/Content/Maps/Halloween_Map.umap'
[2019.10.29-23.38.23:489][384]LogFileHelpers: Saving map 'Halloween_Map' took 1.561
[2019.10.29-23.38.25:779][493]LogTemp: Repeating last play command: Selected Viewport
[2019.10.29-23.38.25:796][493]LogBlueprintUserMessages: Early PlayInEditor Detection: Level '/Game/Maps/Halloween_Map.Halloween_Map:PersistentLevel' has LevelScriptBlueprint '/Game/Maps/Halloween_Map.Halloween_Map:PersistentLevel.Halloween_Map' with GeneratedClass '/Game/Maps/Halloween_Map.Halloween_Map_C' with ClassGeneratedBy '/Game/Maps/Halloween_Map.Halloween_Map:PersistentLevel.Halloween_Map'
[2019.10.29-23.38.25:796][493]LogPlayLevel: PlayLevel: No blueprints needed recompiling
[2019.10.29-23.38.25:796][493]PIE: New page: PIE session: Halloween_Map (Oct 29, 2019, 1:38:25 PM)
[2019.10.29-23.38.25:796][493]LogPlayLevel: Creating play world package: /Game/Maps/UEDPIE_0_Halloween_Map
[2019.10.29-23.38.25:907][493]LogPlayLevel: PIE: StaticDuplicateObject took: (0.110859s)
[2019.10.29-23.38.25:909][493]LogAIModule: Creating AISystem for world Halloween_Map
[2019.10.29-23.38.25:909][493]LogPlayLevel: PIE: World Init took: (0.001453s)
[2019.10.29-23.38.25:909][493]LogPlayLevel: PIE: Created PIE world by copying editor world from /Game/Maps/Halloween_Map.Halloween_Map to /Game/Maps/UEDPIE_0_Halloween_Map.Halloween_Map (0.112839s)
[2019.10.29-23.38.25:935][493]LogExit: Transaction tracking system shut down
[2019.10.29-23.38.25:938][493]LogUObjectHash: Compacting FUObjectHashTables data took   2.35ms
[2019.10.29-23.38.25:943][493]LogInit: XAudio2 using 'Speakers (Realtek High Definition Audio)' : 6 channels at 48 kHz using 16 bits per sample (channel mask 0x3f)
[2019.10.29-23.38.26:004][493]LogInit: FAudioDevice initialized.
[2019.10.29-23.38.26:038][493]LogLoad: Game class is 'FirstPersonGameMode_C'
[2019.10.29-23.38.26:096][493]LogWorld: Bringing World /Game/Maps/UEDPIE_0_Halloween_Map.Halloween_Map up for play (max tick rate 0) at 2019.10.29-18.38.26
[2019.10.29-23.38.26:102][493]LogWorld: Bringing up level for play took: 0.060968
[2019.10.29-23.38.26:116][493]PIE: Play in editor start time for /Game/Maps/UEDPIE_0_Halloween_Map 1.204
[2019.10.29-23.38.26:116][493]LogBlueprintUserMessages: Late PlayInEditor Detection: Level '/Game/Maps/Halloween_Map.Halloween_Map:PersistentLevel' has LevelScriptBlueprint '/Game/Maps/Halloween_Map.Halloween_Map:PersistentLevel.Halloween_Map' with GeneratedClass '/Game/Maps/Halloween_Map.Halloween_Map_C' with ClassGeneratedBy '/Game/Maps/Halloween_Map.Halloween_Map:PersistentLevel.Halloween_Map'
[2019.10.29-23.38.28:180][688]LogParticles: Warning: Particle Notify: Particle system is null for particle notify 'PlayParticleEffect' in anim: '/Game/ParagonMorigesh/Characters/Heroes/Morigesh/Animations/LevelStart_Montage.LevelStart_Montage'
[2019.10.29-23.39.29:432][746]LogBlueprintUserMessages: Early EndPlayMap Detection: Level '/Game/Maps/Halloween_Map.Halloween_Map:PersistentLevel' has LevelScriptBlueprint '/Game/Maps/Halloween_Map.Halloween_Map:PersistentLevel.Halloween_Map' with GeneratedClass '/Game/Maps/Halloween_Map.Halloween_Map_C' with ClassGeneratedBy '/Game/Maps/Halloween_Map.Halloween_Map:PersistentLevel.Halloween_Map'
[2019.10.29-23.39.29:433][746]LogSlate: Updating window title bar state: overlay mode, drag disabled, window buttons hidden, title bar hidden
[2019.10.29-23.39.29:472][746]LogPlayLevel: Display: Shutting down PIE online subsystems
[2019.10.29-23.39.29:472][746]LogBlueprintUserMessages: Late EndPlayMap Detection: Level '/Game/Maps/Halloween_Map.Halloween_Map:PersistentLevel' has LevelScriptBlueprint '/Game/Maps/Halloween_Map.Halloween_Map:PersistentLevel.Halloween_Map' with GeneratedClass '/Game/Maps/Halloween_Map.Halloween_Map_C' with ClassGeneratedBy '/Game/Maps/Halloween_Map.Halloween_Map:PersistentLevel.Halloween_Map'
[2019.10.29-23.39.29:507][746]LogSlate: Updating window title bar state: overlay mode, drag disabled, window buttons hidden, title bar hidden
[2019.10.29-23.39.29:514][746]LogUObjectHash: Compacting FUObjectHashTables data took   1.86ms
[2019.10.29-23.39.29:538][747]LogPlayLevel: Display: Destroying online subsystem :Context_4
[2019.10.29-23.39.31:555][985]LogSlate: FSceneViewport::OnFocusLost() reason 0
[2019.10.29-23.39.45:925][629]LogSlate: FSceneViewport::OnFocusLost() reason 0
[2019.10.29-23.39.46:109][646]LogActorFactory: Actor Factory created SM_Middle_Rock_03
[2019.10.29-23.39.49:069][979]LogActorFactory: Actor Factory created SM_Middle_Rock_03
[2019.10.29-23.40.04:117][642]Cmd: SELECT NONE
[2019.10.29-23.40.15:895][783]LogSlate: FSceneViewport::OnFocusLost() reason 0
[2019.10.29-23.40.16:128][796]LogActorFactory: Actor Factory created SM_Middle_Rock_02
[2019.10.29-23.40.18:138][942]LogActorFactory: Actor Factory created SM_Middle_Rock_02
[2019.10.29-23.40.33:293][ 59]Cmd: SELECT NONE
[2019.10.29-23.40.44:435][ 66]LogEditorViewport: Clicking on Actor (LMB): StaticMeshActor (SM_Middle_Rock_11)
[2019.10.29-23.40.55:829][144]Cmd: SELECT NONE
[2019.10.29-23.41.02:120][753]LogSlate: FSceneViewport::OnFocusLost() reason 0
[2019.10.29-23.41.02:345][774]LogActorFactory: Actor Factory created SM_Middle_Rock_02
[2019.10.29-23.41.05:409][ 97]LogActorFactory: Actor Factory created SM_Middle_Rock_02
[2019.10.29-23.41.06:147][166]LogActorFactory: Actor Factory created SM_Middle_Rock_02
[2019.10.29-23.41.29:853][798]Cmd: SELECT NONE
[2019.10.29-23.41.54:040][147]LogSlate: FSceneViewport::OnFocusLost() reason 0
[2019.10.29-23.41.54:259][160]LogActorFactory: Actor Factory created SM_Middle_Rock_03
[2019.10.29-23.41.55:069][212]LogActorFactory: Actor Factory created SM_Middle_Rock_03
[2019.10.29-23.42.16:297][170]Cmd: SELECT NONE
[2019.10.29-23.42.22:259][732]LogEditorViewport: Clicking on Actor (LMB): StaticMeshActor (SM_Middle_Rock_13)
[2019.10.29-23.42.34:953][723]Cmd: TRANSACTION UNDO
[2019.10.29-23.42.34:953][723]LogEditorTransaction: Undo Move Actors
[2019.10.29-23.42.38:152][967]LogEditorViewport: Clicking on Actor (LMB): StaticMeshActor (SM_Middle_Rock_14)
[2019.10.29-23.42.56:505][849]Cmd: SELECT NONE
[2019.10.29-23.43.04:202][692]LogEditorViewport: Clicking on Actor (LMB): StaticMeshActor (SM_Middle_Rock_14)
[2019.10.29-23.43.07:216][972]Cmd: SELECT NONE
[2019.10.29-23.43.13:610][609]LogSlate: FSceneViewport::OnFocusLost() reason 0
[2019.10.29-23.43.13:783][622]LogActorFactory: Actor Factory created SM_Middle_Rock_03
[2019.10.29-23.43.14:976][733]LogActorFactory: Actor Factory created SM_Middle_Rock_03
[2019.10.29-23.43.45:183][995]Cmd: SELECT NONE
[2019.10.29-23.43.49:155][409]LogEditorViewport: Clicking on Actor (LMB): StaticMeshActor (SM_Middle_Rock_15)
[2019.10.29-23.43.49:616][451]LogEditorViewport: Clicking on Actor (CTRL LMB): StaticMeshActor (SM_Middle_Rock_14)
[2019.10.29-23.43.52:179][738]Cmd: SELECT NONE
[2019.10.29-23.44.03:760][828]LogEditorViewport: Clicking on Actor (LMB): StaticMeshActor (SM_Middle_Rock_13)
[2019.10.29-23.44.12:301][504]Cmd: SELECT NONE
[2019.10.29-23.44.31:411][214]LogEditorViewport: Clicking on Actor (LMB): SM_Big_Rock_03_Blueprint_2_C (SM_Big_Rock_03_Blueprint_11)
[2019.10.29-23.44.39:426][805]LogSlate: FSceneViewport::OnFocusLost() reason 2
[2019.10.29-23.44.40:662][898]LogSlate: FSceneViewport::OnFocusLost() reason 2
[2019.10.29-23.44.40:664][898]LogAssetEditorManager: Opening Asset editor for Blueprint /Game/Environment_Set/Environment/Rocks/Blueprints/SM_Big_Rock_03_Blueprint_2.SM_Big_Rock_03_Blueprint_2
[2019.10.29-23.44.41:070][898]LogContentBrowser: Native class hierarchy updated for 'BlueprintGraph' in 0.0007 seconds. Added 121 classes and 0 folders.
[2019.10.29-23.44.42:132][898]LogSlate: Took 0.010961 seconds to synchronously load lazily loaded font '../../../Engine/Content/Slate/Fonts/Roboto-BoldCondensed.ttf' (158K)
[2019.10.29-23.44.43:353][973]LogSlate: Took 0.010035 seconds to synchronously load lazily loaded font '../../../Engine/Content/Slate/Fonts/Roboto-Italic.ttf' (157K)
[2019.10.29-23.44.59:458][912]LogSlate: Window 'SM_Big_Rock_03_Blueprint_2' being destroyed
[2019.10.29-23.44.59:474][912]LogSlate: Window 'SM_Big_Rock_03_Blueprint_2' being destroyed
[2019.10.29-23.45.01:466][ 59]Cmd: SELECT NONE
[2019.10.29-23.45.06:798][613]LogEditorViewport: Clicking on Actor (LMB): SM_Big_Rock_03_Blueprint_2_C (SM_Big_Rock_03_Blueprint_11)
[2019.10.29-23.45.07:800][702]LogSlate: FSceneViewport::OnFocusLost() reason 2
[2019.10.29-23.45.08:937][813]LogSlate: FSceneViewport::OnFocusLost() reason 2
[2019.10.29-23.45.08:938][813]LogAssetEditorManager: Opening Asset editor for Blueprint /Game/Environment_Set/Environment/Rocks/Blueprints/SM_Big_Rock_03_Blueprint_2.SM_Big_Rock_03_Blueprint_2
[2019.10.29-23.45.31:404][229]LogBlueprintActionDatabase: Requesting refresh due to module change: HierarchicalLODUtilities (loaded)
[2019.10.29-23.45.50:682][298]LogSlate: Window 'SM_Big_Rock_03_Blueprint_2' being destroyed
[2019.10.29-23.45.52:676][490]LogSlate: FSceneViewport::OnFocusLost() reason 2
[2019.10.29-23.45.53:592][569]LogUObjectHash: Compacting FUObjectHashTables data took   5.92ms
[2019.10.29-23.45.53:600][569]LogSlate: FSceneViewport::OnFocusLost() reason 2
[2019.10.29-23.45.53:671][569]LogUObjectHash: Compacting FUObjectHashTables data took   2.95ms
[2019.10.29-23.45.55:401][569]LogSavePackage: Moving 'C:/Users/0ne5iveSe7en/Desktop/HalloweenProject/Game/Halloween_NathanJ/Saved/Halloween_Map7A6347464316923F008E1B8F4FB7D945.tmp' to 'C:/Users/0ne5iveSe7en/Desktop/HalloweenProject/Game/Halloween_NathanJ/Content/Maps/Halloween_Map.umap'
[2019.10.29-23.45.55:440][569]LogFileHelpers: Saving map 'Halloween_Map' took 1.834
[2019.10.29-23.45.55:517][569]LogSavePackage: Moving 'C:/Users/0ne5iveSe7en/Desktop/HalloweenProject/Game/Halloween_NathanJ/Saved/SM_Big_Rock_03_Blueprint_2645BC64C46530D0EDD824AA56652E3C7.tmp' to 'C:/Users/0ne5iveSe7en/Desktop/HalloweenProject/Game/Halloween_NathanJ/Content/Environment_Set/Environment/Rocks/Blueprints/SM_Big_Rock_03_Blueprint_2.uasset'
[2019.10.29-23.45.56:756][690]Cmd: SELECT NONE
[2019.10.29-23.46.07:818][693]LogSlate: FSceneViewport::OnFocusLost() reason 0
[2019.10.29-23.46.08:081][709]LogActorFactory: Actor Factory created SM_Big_Rock_03
[2019.10.29-23.46.09:113][778]LogActorFactory: Actor Factory created SM_Big_Rock_03
[2019.10.29-23.46.16:013][316]Cmd: DELETE
[2019.10.29-23.46.16:013][316]Cmd: ACTOR DELETE
[2019.10.29-23.46.16:040][316]LogEditorActor: Deleted Actor: StaticMeshActor
[2019.10.29-23.46.16:074][316]LogUObjectHash: Compacting FUObjectHashTables data took   2.76ms
[2019.10.29-23.46.16:074][316]LogEditorActor: Deleted 1 Actors (0.061 secs)
[2019.10.29-23.46.18:149][492]LogEditorViewport: Clicking on Actor (LMB): StaticMeshActor (SM_Middle_Rock_13)
[2019.10.29-23.46.26:571][317]Cmd: SELECT NONE
[2019.10.29-23.46.34:007][997]LogSlate: FSceneViewport::OnFocusLost() reason 2
[2019.10.29-23.46.35:105][ 82]LogUObjectHash: Compacting FUObjectHashTables data took   0.78ms
[2019.10.29-23.46.35:110][ 82]LogSlate: FSceneViewport::OnFocusLost() reason 2
[2019.10.29-23.46.35:148][ 82]LogUObjectHash: Compacting FUObjectHashTables data took   0.82ms
[2019.10.29-23.46.36:629][ 82]LogSavePackage: Moving 'C:/Users/0ne5iveSe7en/Desktop/HalloweenProject/Game/Halloween_NathanJ/Saved/Halloween_Map125CB63547F0BD9204C482AD51A68B4D.tmp' to 'C:/Users/0ne5iveSe7en/Desktop/HalloweenProject/Game/Halloween_NathanJ/Content/Maps/Halloween_Map.umap'
[2019.10.29-23.46.36:677][ 82]LogFileHelpers: Saving map 'Halloween_Map' took 1.561
[2019.10.29-23.46.44:343][736]LogSlate: FSceneViewport::OnFocusLost() reason 0
[2019.10.29-23.46.53:700][562]LogBlueprintActionDatabase: Requesting refresh due to module change: ExternalImagePicker (loaded)
[2019.10.29-23.46.54:776][562]LogSlate: Only BGRA pngs, bmps or icos are supported in by External Image Picker
[2019.10.29-23.47.06:759][515]LogSlate: Window 'Project Settings' being destroyed
[2019.10.29-23.47.06:771][515]LogSlate: Window 'Project Settings' being destroyed
[2019.10.29-23.47.10:750][868]LogTemp: Repeating last play command: Selected Viewport
[2019.10.29-23.47.10:771][868]LogBlueprintUserMessages: Early PlayInEditor Detection: Level '/Game/Maps/Halloween_Map.Halloween_Map:PersistentLevel' has LevelScriptBlueprint '/Game/Maps/Halloween_Map.Halloween_Map:PersistentLevel.Halloween_Map' with GeneratedClass '/Game/Maps/Halloween_Map.Halloween_Map_C' with ClassGeneratedBy '/Game/Maps/Halloween_Map.Halloween_Map:PersistentLevel.Halloween_Map'
[2019.10.29-23.47.10:771][868]LogPlayLevel: PlayLevel: No blueprints needed recompiling
[2019.10.29-23.47.10:771][868]PIE: New page: PIE session: Halloween_Map (Oct 29, 2019, 1:47:10 PM)
[2019.10.29-23.47.10:771][868]LogPlayLevel: Creating play world package: /Game/Maps/UEDPIE_0_Halloween_Map
[2019.10.29-23.47.10:880][868]LogPlayLevel: PIE: StaticDuplicateObject took: (0.109048s)
[2019.10.29-23.47.10:881][868]LogAIModule: Creating AISystem for world Halloween_Map
[2019.10.29-23.47.10:881][868]LogPlayLevel: PIE: World Init took: (0.001053s)
[2019.10.29-23.47.10:882][868]LogPlayLevel: PIE: Created PIE world by copying editor world from /Game/Maps/Halloween_Map.Halloween_Map to /Game/Maps/UEDPIE_0_Halloween_Map.Halloween_Map (0.110564s)
[2019.10.29-23.47.10:954][868]LogUObjectHash: Compacting FUObjectHashTables data took   5.24ms
[2019.10.29-23.47.10:960][868]LogInit: XAudio2 using 'Speakers (Realtek High Definition Audio)' : 6 channels at 48 kHz using 16 bits per sample (channel mask 0x3f)
[2019.10.29-23.47.11:021][868]LogInit: FAudioDevice initialized.
[2019.10.29-23.47.11:055][868]LogLoad: Game class is 'FirstPersonGameMode_C'
[2019.10.29-23.47.11:110][868]LogWorld: Bringing World /Game/Maps/UEDPIE_0_Halloween_Map.Halloween_Map up for play (max tick rate 0) at 2019.10.29-18.47.11
[2019.10.29-23.47.11:116][868]LogWorld: Bringing up level for play took: 0.058473
[2019.10.29-23.47.11:130][868]PIE: Play in editor start time for /Game/Maps/UEDPIE_0_Halloween_Map 0.218
[2019.10.29-23.47.11:130][868]LogBlueprintUserMessages: Late PlayInEditor Detection: Level '/Game/Maps/Halloween_Map.Halloween_Map:PersistentLevel' has LevelScriptBlueprint '/Game/Maps/Halloween_Map.Halloween_Map:PersistentLevel.Halloween_Map' with GeneratedClass '/Game/Maps/Halloween_Map.Halloween_Map_C' with ClassGeneratedBy '/Game/Maps/Halloween_Map.Halloween_Map:PersistentLevel.Halloween_Map'
[2019.10.29-23.47.13:104][ 50]LogParticles: Warning: Particle Notify: Particle system is null for particle notify 'PlayParticleEffect' in anim: '/Game/ParagonMorigesh/Characters/Heroes/Morigesh/Animations/LevelStart_Montage.LevelStart_Montage'
[2019.10.29-23.48.14:878][ 30]LogCharacterMovement: FirstPersonCharacter_C_1 is stuck and failed to move! Velocity: X=142.22 Y=-39.63 Z=0.00 Location: X=-2141.80 Y=-3212.95 Z=194.67 Normal: X=-0.82 Y=0.09 Z=0.57 PenetrationDepth:0.000 Actor:InstancedFoliageActor_0 Component:FoliageInstancedStaticMeshComponent_1 BoneName:None (0 other events since notify)
[2019.10.29-23.49.08:941][990]LogBlueprintUserMessages: Early EndPlayMap Detection: Level '/Game/Maps/Halloween_Map.Halloween_Map:PersistentLevel' has LevelScriptBlueprint '/Game/Maps/Halloween_Map.Halloween_Map:PersistentLevel.Halloween_Map' with GeneratedClass '/Game/Maps/Halloween_Map.Halloween_Map_C' with ClassGeneratedBy '/Game/Maps/Halloween_Map.Halloween_Map:PersistentLevel.Halloween_Map'
[2019.10.29-23.49.08:941][990]LogSlate: Updating window title bar state: overlay mode, drag disabled, window buttons hidden, title bar hidden
[2019.10.29-23.49.08:998][990]LogPlayLevel: Display: Shutting down PIE online subsystems
[2019.10.29-23.49.08:998][990]LogBlueprintUserMessages: Late EndPlayMap Detection: Level '/Game/Maps/Halloween_Map.Halloween_Map:PersistentLevel' has LevelScriptBlueprint '/Game/Maps/Halloween_Map.Halloween_Map:PersistentLevel.Halloween_Map' with GeneratedClass '/Game/Maps/Halloween_Map.Halloween_Map_C' with ClassGeneratedBy '/Game/Maps/Halloween_Map.Halloween_Map:PersistentLevel.Halloween_Map'
[2019.10.29-23.49.09:046][990]LogSlate: Updating window title bar state: overlay mode, drag disabled, window buttons hidden, title bar hidden
[2019.10.29-23.49.09:062][990]LogUObjectHash: Compacting FUObjectHashTables data took   3.52ms
[2019.10.29-23.49.09:089][991]LogPlayLevel: Display: Destroying online subsystem :Context_9
[2019.10.29-23.49.10:140][ 73]LogEditorViewport: Clicking on Actor (LMB): StaticMeshActor (SM_Crypt_Wall13)
[2019.10.29-23.49.14:587][411]LogEditorViewport: Clicking on Actor (CTRL LMB): StaticMeshActor (SM_Cell_Door)
[2019.10.29-23.49.16:112][527]LogEditorViewport: Clicking on Actor (CTRL LMB): StaticMeshActor (SM_Cell_Front)
[2019.10.29-23.49.23:133][ 38]Cmd: SELECT NONE
[2019.10.29-23.49.39:398][386]LogUObjectHash: Compacting FUObjectHashTables data took   0.82ms
[2019.10.29-23.49.39:405][386]LogSlate: FSceneViewport::OnFocusLost() reason 2
[2019.10.29-23.49.39:444][386]LogUObjectHash: Compacting FUObjectHashTables data took   0.81ms
[2019.10.29-23.49.40:943][386]LogSavePackage: Moving 'C:/Users/0ne5iveSe7en/Desktop/HalloweenProject/Game/Halloween_NathanJ/Saved/Halloween_Map0540C75648845C38EE18AAA5428E1DDF.tmp' to 'C:/Users/0ne5iveSe7en/Desktop/HalloweenProject/Game/Halloween_NathanJ/Content/Maps/Halloween_Map.umap'
[2019.10.29-23.49.40:973][386]LogFileHelpers: Saving map 'Halloween_Map' took 1.562
[2019.10.29-23.49.48:348][996]LogTemp: Repeating last play command: Selected Viewport
[2019.10.29-23.49.48:367][996]LogBlueprintUserMessages: Early PlayInEditor Detection: Level '/Game/Maps/Halloween_Map.Halloween_Map:PersistentLevel' has LevelScriptBlueprint '/Game/Maps/Halloween_Map.Halloween_Map:PersistentLevel.Halloween_Map' with GeneratedClass '/Game/Maps/Halloween_Map.Halloween_Map_C' with ClassGeneratedBy '/Game/Maps/Halloween_Map.Halloween_Map:PersistentLevel.Halloween_Map'
[2019.10.29-23.49.48:367][996]LogPlayLevel: PlayLevel: No blueprints needed recompiling
[2019.10.29-23.49.48:367][996]PIE: New page: PIE session: Halloween_Map (Oct 29, 2019, 1:49:48 PM)
[2019.10.29-23.49.48:367][996]LogPlayLevel: Creating play world package: /Game/Maps/UEDPIE_0_Halloween_Map
[2019.10.29-23.49.48:478][996]LogPlayLevel: PIE: StaticDuplicateObject took: (0.110034s)
[2019.10.29-23.49.48:479][996]LogAIModule: Creating AISystem for world Halloween_Map
[2019.10.29-23.49.48:479][996]LogPlayLevel: PIE: World Init took: (0.001202s)
[2019.10.29-23.49.48:480][996]LogPlayLevel: PIE: Created PIE world by copying editor world from /Game/Maps/Halloween_Map.Halloween_Map to /Game/Maps/UEDPIE_0_Halloween_Map.Halloween_Map (0.111851s)
[2019.10.29-23.49.48:515][996]LogUObjectHash: Compacting FUObjectHashTables data took   2.80ms
[2019.10.29-23.49.48:518][996]LogInit: XAudio2 using 'Speakers (Realtek High Definition Audio)' : 6 channels at 48 kHz using 16 bits per sample (channel mask 0x3f)
[2019.10.29-23.49.48:578][996]LogInit: FAudioDevice initialized.
[2019.10.29-23.49.48:610][996]LogLoad: Game class is 'FirstPersonGameMode_C'
[2019.10.29-23.49.48:665][996]LogWorld: Bringing World /Game/Maps/UEDPIE_0_Halloween_Map.Halloween_Map up for play (max tick rate 0) at 2019.10.29-18.49.48
[2019.10.29-23.49.48:671][996]LogWorld: Bringing up level for play took: 0.059376
[2019.10.29-23.49.48:685][996]PIE: Play in editor start time for /Game/Maps/UEDPIE_0_Halloween_Map -0.226
[2019.10.29-23.49.48:686][996]LogBlueprintUserMessages: Late PlayInEditor Detection: Level '/Game/Maps/Halloween_Map.Halloween_Map:PersistentLevel' has LevelScriptBlueprint '/Game/Maps/Halloween_Map.Halloween_Map:PersistentLevel.Halloween_Map' with GeneratedClass '/Game/Maps/Halloween_Map.Halloween_Map_C' with ClassGeneratedBy '/Game/Maps/Halloween_Map.Halloween_Map:PersistentLevel.Halloween_Map'
[2019.10.29-23.49.50:697][184]LogParticles: Warning: Particle Notify: Particle system is null for particle notify 'PlayParticleEffect' in anim: '/Game/ParagonMorigesh/Characters/Heroes/Morigesh/Animations/LevelStart_Montage.LevelStart_Montage'
[2019.10.29-23.50.37:063][516]LogCharacterMovement: FirstPersonCharacter_C_1 is stuck and failed to move! Velocity: X=532.36 Y=276.76 Z=0.00 Location: X=-4614.74 Y=-4212.45 Z=-65.12 Normal: X=-0.51 Y=0.31 Z=0.80 PenetrationDepth:0.000 Actor:InstancedFoliageActor_0 Component:FoliageInstancedStaticMeshComponent_1 BoneName:None (0 other events since notify)
[2019.10.29-23.50.38:082][615]LogCharacterMovement: FirstPersonCharacter_C_1 is stuck and failed to move! Velocity: X=515.98 Y=306.21 Z=0.00 Location: X=-4509.39 Y=-3988.45 Z=-64.09 Normal: X=-0.57 Y=0.27 Z=0.78 PenetrationDepth:0.000 Actor:InstancedFoliageActor_0 Component:FoliageInstancedStaticMeshComponent_1 BoneName:None (37 other events since notify)
[2019.10.29-23.50.43:109][200]LogCharacterMovement: FirstPersonCharacter_C_1 is stuck and failed to move! Velocity: X=495.05 Y=329.47 Z=0.00 Location: X=-4606.55 Y=-4125.86 Z=-57.75 Normal: X=-0.51 Y=0.31 Z=0.80 PenetrationDepth:0.000 Actor:InstancedFoliageActor_0 Component:FoliageInstancedStaticMeshComponent_1 BoneName:None (0 other events since notify)
[2019.10.29-23.50.46:515][559]LogCharacterMovement: FirstPersonCharacter_C_1 is stuck and failed to move! Velocity: X=463.83 Y=145.17 Z=0.00 Location: X=-4613.08 Y=-4138.54 Z=-60.00 Normal: X=-0.51 Y=0.31 Z=0.80 PenetrationDepth:0.000 Actor:InstancedFoliageActor_0 Component:FoliageInstancedStaticMeshComponent_1 BoneName:None (9 other events since notify)
[2019.10.29-23.50.49:954][937]LogCharacterMovement: FirstPersonCharacter_C_1 is stuck and failed to move! Velocity: X=-10.33 Y=17.16 Z=0.00 Location: X=-3688.49 Y=-4026.28 Z=-18.15 Normal: X=0.94 Y=0.33 Z=-0.04 PenetrationDepth:0.000 Actor:InstancedFoliageActor_0 Component:FoliageInstancedStaticMeshComponent_2 BoneName:None (17 other events since notify)
[2019.10.29-23.50.50:959][ 53]LogCharacterMovement: FirstPersonCharacter_C_1 is stuck and failed to move! Velocity: X=-599.89 Y=11.43 Z=0.00 Location: X=-3688.49 Y=-4026.28 Z=-18.15 Normal: X=0.94 Y=0.33 Z=-0.04 PenetrationDepth:0.000 Actor:InstancedFoliageActor_0 Component:FoliageInstancedStaticMeshComponent_2 BoneName:None (114 other events since notify)
[2019.10.29-23.50.51:965][173]LogCharacterMovement: FirstPersonCharacter_C_1 is stuck and failed to move! Velocity: X=-196.68 Y=349.57 Z=0.00 Location: X=-3693.74 Y=-4019.02 Z=-21.45 Normal: X=0.94 Y=0.33 Z=-0.04 PenetrationDepth:0.000 Actor:InstancedFoliageActor_0 Component:FoliageInstancedStaticMeshComponent_2 BoneName:None (53 other events since notify)
[2019.10.29-23.50.52:967][293]LogCharacterMovement: FirstPersonCharacter_C_1 is stuck and failed to move! Velocity: X=-290.28 Y=71.17 Z=0.00 Location: X=-3694.85 Y=-4017.14 Z=-22.50 Normal: X=0.94 Y=0.33 Z=-0.04 PenetrationDepth:0.000 Actor:InstancedFoliageActor_0 Component:FoliageInstancedStaticMeshComponent_2 BoneName:None (67 other events since notify)
[2019.10.29-23.50.53:968][413]LogCharacterMovement: FirstPersonCharacter_C_1 is stuck and failed to move! Velocity: X=-26.39 Y=-34.19 Z=0.00 Location: X=-3694.59 Y=-4017.61 Z=-22.20 Normal: X=0.94 Y=0.33 Z=-0.04 PenetrationDepth:0.000 Actor:InstancedFoliageActor_0 Component:FoliageInstancedStaticMeshComponent_2 BoneName:None (85 other events since notify)
[2019.10.29-23.50.59:537][ 50]LogCharacterMovement: FirstPersonCharacter_C_1 is stuck and failed to move! Velocity: X=543.66 Y=-253.84 Z=0.00 Location: X=-2310.09 Y=-3592.18 Z=188.34 Normal: X=-0.34 Y=-0.15 Z=0.93 PenetrationDepth:0.000 Actor:InstancedFoliageActor_0 Component:FoliageInstancedStaticMeshComponent_1 BoneName:None (44 other events since notify)
[2019.10.29-23.51.00:743][192]LogCharacterMovement: FirstPersonCharacter_C_1 is stuck and failed to move! Velocity: X=484.19 Y=-150.55 Z=0.00 Location: X=-2327.57 Y=-3830.83 Z=180.42 Normal: X=0.35 Y=0.94 Z=-0.00 PenetrationDepth:0.000 Actor:InstancedFoliageActor_0 Component:FoliageInstancedStaticMeshComponent_0 BoneName:None (15 other events since notify)
[2019.10.29-23.54.52:627][553]LogBlueprintUserMessages: Early EndPlayMap Detection: Level '/Game/Maps/Halloween_Map.Halloween_Map:PersistentLevel' has LevelScriptBlueprint '/Game/Maps/Halloween_Map.Halloween_Map:PersistentLevel.Halloween_Map' with GeneratedClass '/Game/Maps/Halloween_Map.Halloween_Map_C' with ClassGeneratedBy '/Game/Maps/Halloween_Map.Halloween_Map:PersistentLevel.Halloween_Map'
[2019.10.29-23.54.52:628][553]LogSlate: Updating window title bar state: overlay mode, drag disabled, window buttons hidden, title bar hidden
[2019.10.29-23.54.52:685][553]LogPlayLevel: Display: Shutting down PIE online subsystems
[2019.10.29-23.54.52:685][553]LogBlueprintUserMessages: Late EndPlayMap Detection: Level '/Game/Maps/Halloween_Map.Halloween_Map:PersistentLevel' has LevelScriptBlueprint '/Game/Maps/Halloween_Map.Halloween_Map:PersistentLevel.Halloween_Map' with GeneratedClass '/Game/Maps/Halloween_Map.Halloween_Map_C' with ClassGeneratedBy '/Game/Maps/Halloween_Map.Halloween_Map:PersistentLevel.Halloween_Map'
[2019.10.29-23.54.52:732][553]LogSlate: Updating window title bar state: overlay mode, drag disabled, window buttons hidden, title bar hidden
[2019.10.29-23.54.52:741][553]LogUObjectHash: Compacting FUObjectHashTables data took   2.34ms
[2019.10.29-23.54.52:770][554]LogPlayLevel: Display: Destroying online subsystem :Context_10
[2019.10.29-23.54.55:184][706]LogSlate: FSceneViewport::OnFocusLost() reason 2
[2019.10.29-23.54.56:473][785]LogUObjectHash: Compacting FUObjectHashTables data took   0.83ms
