Log file open, 10/20/19 20:04:20
LogWindows: Failed to load 'aqProf.dll' (GetLastError=126)
LogWindows: File 'aqProf.dll' does not exist
LogWindows: Failed to load 'VtuneApi.dll' (GetLastError=126)
LogWindows: File 'VtuneApi.dll' does not exist
LogWindows: Failed to load 'VtuneApi32e.dll' (GetLastError=126)
LogWindows: File 'VtuneApi32e.dll' does not exist
LogConsoleResponse: Display: Failed to find resolution value strings in scalability ini. Falling back to default.
LogInit: Display: Running engine for game: Halloween_NathanJ
LogPakFile: Registered encryption key '00000000000000000000000000000000': 0 pak files mounted, 0 remain pending
LogPlatformFile: Not using cached read wrapper
LogTaskGraph: Started task graph with 5 named threads and 23 total threads with 3 sets of task threads.
LogStats: Stats thread started at 0.648599
LogD3D11RHI: Loaded GFSDK_Aftermath_Lib.x64.dll
LogICUInternationalization: ICU TimeZone Detection - Raw Offset: -6:00, Platform Override: ''
LogPluginManager: Mounting plugin Paper2D
LogPluginManager: Mounting plugin AISupport
LogPluginManager: Mounting plugin LightPropagationVolume
LogPluginManager: Mounting plugin ActorLayerUtilities
LogPluginManager: Mounting plugin AnimationSharing
LogPluginManager: Mounting plugin CLionSourceCodeAccess
LogPluginManager: Mounting plugin CodeLiteSourceCodeAccess
LogPluginManager: Mounting plugin GitSourceControl
LogPluginManager: Mounting plugin KDevelopSourceCodeAccess
LogPluginManager: Mounting plugin NullSourceCodeAccess
LogPluginManager: Mounting plugin PerforceSourceControl
LogPluginManager: Mounting plugin SubversionSourceControl
LogPluginManager: Mounting plugin UObjectPlugin
LogPluginManager: Mounting plugin VisualStudioCodeSourceCodeAccess
LogPluginManager: Mounting plugin VisualStudioSourceCodeAccess
LogPluginManager: Mounting plugin XCodeSourceCodeAccess
LogPluginManager: Mounting plugin AssetManagerEditor
LogPluginManager: Mounting plugin CryptoKeys
LogPluginManager: Mounting plugin DataValidation
LogPluginManager: Mounting plugin FacialAnimation
LogPluginManager: Mounting plugin GameplayTagsEditor
LogPluginManager: Mounting plugin MacGraphicsSwitching
LogPluginManager: Mounting plugin MaterialAnalyzer
LogPluginManager: Mounting plugin MobileLauncherProfileWizard
LogPluginManager: Mounting plugin PluginBrowser
LogPluginManager: Mounting plugin SpeedTreeImporter
LogPluginManager: Mounting plugin DatasmithContent
LogPluginManager: Mounting plugin VariantManagerContent
LogPluginManager: Mounting plugin AlembicImporter
LogPluginManager: Mounting plugin AppleImageUtils
LogPluginManager: Mounting plugin AppleVision
LogPluginManager: Mounting plugin BackChannel
LogPluginManager: Mounting plugin CharacterAI
LogPluginManager: Mounting plugin GeometryCache
LogPluginManager: Mounting plugin HTML5Networking
LogPluginManager: Mounting plugin ProxyLODPlugin
LogPluginManager: Mounting plugin SkeletalReduction
LogPluginManager: Mounting plugin MagicLeap
LogPluginManager: Mounting plugin MagicLeapMedia
LogPluginManager: Mounting plugin AndroidMedia
LogPluginManager: Mounting plugin AvfMedia
LogPluginManager: Mounting plugin ImgMedia
LogPluginManager: Mounting plugin LinearTimecode
LogPluginManager: Mounting plugin MediaCompositing
LogPluginManager: Mounting plugin MediaPlayerEditor
LogPluginManager: Mounting plugin WebMMedia
LogPluginManager: Mounting plugin WmfMedia
LogPluginManager: Mounting plugin TcpMessaging
LogPluginManager: Mounting plugin UdpMessaging
LogPluginManager: Mounting plugin ActorSequence
LogPluginManager: Mounting plugin LevelSequenceEditor
LogPluginManager: Mounting plugin MatineeToLevelSequence
LogPluginManager: Mounting plugin NetcodeUnitTest
LogPluginManager: Mounting plugin NUTUnrealEngine4
LogPluginManager: Mounting plugin OnlineSubsystemGooglePlay
LogPluginManager: Mounting plugin OnlineSubsystemIOS
LogPluginManager: Mounting plugin OnlineSubsystem
LogPluginManager: Mounting plugin OnlineSubsystemNull
LogPluginManager: Mounting plugin OnlineSubsystemUtils
LogPluginManager: Mounting plugin LauncherChunkInstaller
LogPluginManager: Mounting plugin AndroidDeviceProfileSelector
LogPluginManager: Mounting plugin AndroidMoviePlayer
LogPluginManager: Mounting plugin AndroidPermission
LogPluginManager: Mounting plugin AppleMoviePlayer
LogPluginManager: Mounting plugin ArchVisCharacter
LogPluginManager: Mounting plugin AudioCapture
LogPluginManager: Mounting plugin CableComponent
LogPluginManager: Mounting plugin CustomMeshComponent
LogPluginManager: Mounting plugin EditableMesh
LogPluginManager: Mounting plugin ExampleDeviceProfileSelector
LogPluginManager: Mounting plugin Firebase
LogPluginManager: Mounting plugin GoogleCloudMessaging
LogPluginManager: Mounting plugin IOSDeviceProfileSelector
LogPluginManager: Mounting plugin LinuxDeviceProfileSelector
LogPluginManager: Mounting plugin LocationServicesBPLibrary
LogPluginManager: Mounting plugin MobilePatchingUtils
LogPluginManager: Mounting plugin OculusVR
LogPluginManager: Mounting plugin PhysXVehicles
LogPluginManager: Mounting plugin ProceduralMeshComponent
LogPluginManager: Mounting plugin RuntimePhysXCooking
LogPluginManager: Mounting plugin SignificanceManager
LogPluginManager: Mounting plugin SteamVR
LogPluginManager: Mounting plugin WebMMoviePlayer
LogPluginManager: Mounting plugin WindowsMoviePlayer
LogInit: Using libcurl 7.55.1-DEV
LogInit:  - built for x86_64-pc-win32
LogInit:  - supports SSL with OpenSSL/1.1.1
LogInit:  - supports HTTP deflate (compression) using libz 1.2.8
LogInit:  - other features:
LogInit:      CURL_VERSION_SSL
LogInit:      CURL_VERSION_LIBZ
LogInit:      CURL_VERSION_IPV6
LogInit:      CURL_VERSION_ASYNCHDNS
LogInit:      CURL_VERSION_LARGEFILE
LogInit:      CURL_VERSION_IDN
LogInit:  CurlRequestOptions (configurable via config and command line):
LogInit:  - bVerifyPeer = true  - Libcurl will verify peer certificate
LogInit:  - bUseHttpProxy = false  - Libcurl will NOT use HTTP proxy
LogInit:  - bDontReuseConnections = false  - Libcurl will reuse connections
LogInit:  - MaxHostConnections = 16  - Libcurl will limit the number of connections to a host
LogInit:  - LocalHostAddr = Default
LogInit:  - BufferSize = 65536
LogInit: WinSock: version 1.1 (2.2), MaxSocks=32767, MaxUdp=65467
LogInit: Build: ++UE4+Release-4.22-CL-7053642
LogInit: Engine Version: 4.22.3-7053642+++UE4+Release-4.22
LogInit: Compatible Engine Version: 4.22.0-5660361+++UE4+Release-4.22
LogInit: Net CL: 5660361
LogInit: OS: Windows 10 (Release 1903) (), CPU: Intel(R) Core(TM) i7-7700HQ CPU @ 2.80GHz, GPU: NVIDIA GeForce GTX 1060
LogInit: Compiled (64-bit): Jun 18 2019 03:09:11
LogInit: Compiled with Visual C++: 19.16.27025.01
LogInit: Build Configuration: Development
LogInit: Branch Name: ++UE4+Release-4.22
LogInit: Command Line: 
LogInit: Base Directory: D:/Epic Games/UE_4.22/Engine/Binaries/Win64/
LogInit: Installed Engine Build: 1
LogDevObjectVersion: Number of dev versions registered: 23
LogDevObjectVersion:   Dev-Blueprints (B0D832E4-1F89-4F0D-ACCF-7EB736FD4AA2): 10
LogDevObjectVersion:   Dev-Build (E1C64328-A22C-4D53-A36C-8E866417BD8C): 0
LogDevObjectVersion:   Dev-Core (375EC13C-06E4-48FB-B500-84F0262A717E): 3
LogDevObjectVersion:   Dev-Editor (E4B068ED-F494-42E9-A231-DA0B2E46BB41): 30
LogDevObjectVersion:   Dev-Framework (CFFC743F-43B0-4480-9391-14DF171D2073): 35
LogDevObjectVersion:   Dev-Mobile (B02B49B5-BB20-44E9-A304-32B752E40360): 2
LogDevObjectVersion:   Dev-Networking (A4E4105C-59A1-49B5-A7C5-40C4547EDFEE): 0
LogDevObjectVersion:   Dev-Online (39C831C9-5AE6-47DC-9A44-9C173E1C8E7C): 0
LogDevObjectVersion:   Dev-Physics (78F01B33-EBEA-4F98-B9B4-84EACCB95AA2): 0
LogDevObjectVersion:   Dev-Platform (6631380F-2D4D-43E0-8009-CF276956A95A): 0
LogDevObjectVersion:   Dev-Rendering (12F88B9F-8875-4AFC-A67C-D90C383ABD29): 28
LogDevObjectVersion:   Dev-Sequencer (7B5AE74C-D270-4C10-A958-57980B212A5A): 11
LogDevObjectVersion:   Dev-VR (D7296918-1DD6-4BDD-9DE2-64A83CC13884): 2
LogDevObjectVersion:   Dev-LoadTimes (C2A15278-BFE7-4AFE-6C17-90FF531DF755): 1
LogDevObjectVersion:   Private-Geometry (6EACA3D4-40EC-4CC1-B786-8BED09428FC5): 3
LogDevObjectVersion:   Dev-AnimPhys (29E575DD-E0A3-4627-9D10-D276232CDCEA): 17
LogDevObjectVersion:   Dev-Anim (AF43A65D-7FD3-4947-9873-3E8ED9C1BB05): 2
LogDevObjectVersion:   Dev-ReflectionCapture (6B266CEC-1EC7-4B8F-A30B-E4D90942FC07): 1
LogDevObjectVersion:   Dev-Automation (0DF73D61-A23F-47EA-B727-89E90C41499A): 1
LogDevObjectVersion:   FortniteMain (601D1886-AC64-4F84-AA16-D3DE0DEAC7D6): 25
LogDevObjectVersion:   Dev-Enterprise (9DFFBCD6-494F-0158-E221-12823C92A888): 6
LogDevObjectVersion:   Dev-Niagara (F2AED0AC-9AFE-416F-8664-AA7FFA26D6FC): 1
LogDevObjectVersion:   Dev-Destruction (174F1F0B-B4C6-45A5-B13F-2EE8D0FB917D): 2
LogInit: Presizing for max 16777216 objects, including 0 objects not considered by GC, pre-allocating 0 bytes for permanent pool.
LogInit: Object subsystem initialized
LogConfig: Setting CVar [[con.DebugEarlyDefault:1]]
LogConfig: Setting CVar [[r.setres:1280x720]]
[2019.10.21-01.04.21:400][  0]LogConfig: Setting CVar [[r.VSync:0]]
[2019.10.21-01.04.21:400][  0]LogConfig: Setting CVar [[r.RHICmdBypass:0]]
[2019.10.21-01.04.21:400][  0]LogConfig: Applying CVar settings from Section [/Script/Engine.RendererSettings] File [C:/Users/0ne5iveSe7en/Desktop/HalloweenProject/Game/Halloween_NathanJ/Saved/Config/Windows/Engine.ini]
[2019.10.21-01.04.21:400][  0]LogConfig: Setting CVar [[r.GPUCrashDebugging:0]]
[2019.10.21-01.04.21:401][  0]LogConfig: Applying CVar settings from Section [/Script/Engine.RendererOverrideSettings] File [C:/Users/0ne5iveSe7en/Desktop/HalloweenProject/Game/Halloween_NathanJ/Saved/Config/Windows/Engine.ini]
[2019.10.21-01.04.21:401][  0]LogConfig: Applying CVar settings from Section [/Script/Engine.StreamingSettings] File [C:/Users/0ne5iveSe7en/Desktop/HalloweenProject/Game/Halloween_NathanJ/Saved/Config/Windows/Engine.ini]
[2019.10.21-01.04.21:401][  0]LogConfig: Setting CVar [[s.MinBulkDataSizeForAsyncLoading:131072]]
[2019.10.21-01.04.21:401][  0]LogConfig: Setting CVar [[s.AsyncLoadingThreadEnabled:0]]
[2019.10.21-01.04.21:401][  0]LogConfig: Setting CVar [[s.EventDrivenLoaderEnabled:1]]
[2019.10.21-01.04.21:401][  0]LogConfig: Setting CVar [[s.WarnIfTimeLimitExceeded:0]]
[2019.10.21-01.04.21:401][  0]LogConfig: Setting CVar [[s.TimeLimitExceededMultiplier:1.5]]
[2019.10.21-01.04.21:401][  0]LogConfig: Setting CVar [[s.TimeLimitExceededMinTime:0.005]]
[2019.10.21-01.04.21:401][  0]LogConfig: Setting CVar [[s.UseBackgroundLevelStreaming:1]]
[2019.10.21-01.04.21:401][  0]LogConfig: Setting CVar [[s.PriorityAsyncLoadingExtraTime:15.0]]
[2019.10.21-01.04.21:401][  0]LogConfig: Setting CVar [[s.LevelStreamingActorsUpdateTimeLimit:5.0]]
[2019.10.21-01.04.21:401][  0]LogConfig: Setting CVar [[s.PriorityLevelStreamingActorsUpdateExtraTime:5.0]]
[2019.10.21-01.04.21:401][  0]LogConfig: Setting CVar [[s.LevelStreamingComponentsRegistrationGranularity:10]]
[2019.10.21-01.04.21:401][  0]LogConfig: Setting CVar [[s.UnregisterComponentsTimeLimit:1.0]]
[2019.10.21-01.04.21:401][  0]LogConfig: Setting CVar [[s.LevelStreamingComponentsUnregistrationGranularity:5]]
[2019.10.21-01.04.21:401][  0]LogConfig: Applying CVar settings from Section [/Script/Engine.GarbageCollectionSettings] File [C:/Users/0ne5iveSe7en/Desktop/HalloweenProject/Game/Halloween_NathanJ/Saved/Config/Windows/Engine.ini]
[2019.10.21-01.04.21:401][  0]LogConfig: Setting CVar [[gc.MaxObjectsNotConsideredByGC:1]]
[2019.10.21-01.04.21:401][  0]LogConfig: Setting CVar [[gc.SizeOfPermanentObjectPool:0]]
[2019.10.21-01.04.21:401][  0]LogConfig: Setting CVar [[gc.FlushStreamingOnGC:0]]
[2019.10.21-01.04.21:401][  0]LogConfig: Setting CVar [[gc.NumRetriesBeforeForcingGC:10]]
[2019.10.21-01.04.21:401][  0]LogConfig: Setting CVar [[gc.AllowParallelGC:1]]
[2019.10.21-01.04.21:401][  0]LogConfig: Setting CVar [[gc.TimeBetweenPurgingPendingKillObjects:61.1]]
[2019.10.21-01.04.21:401][  0]LogConfig: Setting CVar [[gc.MaxObjectsInEditor:16777216]]
[2019.10.21-01.04.21:401][  0]LogConfig: Setting CVar [[gc.IncrementalBeginDestroyEnabled:1]]
[2019.10.21-01.04.21:401][  0]LogConfig: Setting CVar [[gc.CreateGCClusters:1]]
[2019.10.21-01.04.21:401][  0]LogConfig: Setting CVar [[gc.MinGCClusterSize:5]]
[2019.10.21-01.04.21:401][  0]LogConfig: Setting CVar [[gc.ActorClusteringEnabled:0]]
[2019.10.21-01.04.21:401][  0]LogConfig: Setting CVar [[gc.BlueprintClusteringEnabled:0]]
[2019.10.21-01.04.21:401][  0]LogConfig: Setting CVar [[gc.UseDisregardForGCOnDedicatedServers:0]]
[2019.10.21-01.04.21:401][  0]LogConfig: Applying CVar settings from Section [/Script/Engine.NetworkSettings] File [C:/Users/0ne5iveSe7en/Desktop/HalloweenProject/Game/Halloween_NathanJ/Saved/Config/Windows/Engine.ini]
[2019.10.21-01.04.21:401][  0]LogConfig: Applying CVar settings from Section [/Script/UnrealEd.CookerSettings] File [C:/Users/0ne5iveSe7en/Desktop/HalloweenProject/Game/Halloween_NathanJ/Saved/Config/Windows/Engine.ini]
[2019.10.21-01.04.21:407][  0]LogConfig: Applying CVar settings from Section [ViewDistanceQuality@3] File [C:/Users/0ne5iveSe7en/Desktop/HalloweenProject/Game/Halloween_NathanJ/Saved/Config/Windows/Scalability.ini]
[2019.10.21-01.04.21:407][  0]LogConfig: Setting CVar [[r.SkeletalMeshLODBias:0]]
[2019.10.21-01.04.21:407][  0]LogConfig: Setting CVar [[r.ViewDistanceScale:1.0]]
[2019.10.21-01.04.21:407][  0]LogConfig: Applying CVar settings from Section [AntiAliasingQuality@3] File [C:/Users/0ne5iveSe7en/Desktop/HalloweenProject/Game/Halloween_NathanJ/Saved/Config/Windows/Scalability.ini]
[2019.10.21-01.04.21:407][  0]LogConfig: Setting CVar [[r.PostProcessAAQuality:4]]
[2019.10.21-01.04.21:407][  0]LogConfig: Applying CVar settings from Section [ShadowQuality@3] File [C:/Users/0ne5iveSe7en/Desktop/HalloweenProject/Game/Halloween_NathanJ/Saved/Config/Windows/Scalability.ini]
[2019.10.21-01.04.21:407][  0]LogConfig: Setting CVar [[r.LightFunctionQuality:1]]
[2019.10.21-01.04.21:407][  0]LogConfig: Setting CVar [[r.ShadowQuality:5]]
[2019.10.21-01.04.21:407][  0]LogConfig: Setting CVar [[r.Shadow.CSM.MaxCascades:10]]
[2019.10.21-01.04.21:407][  0]LogConfig: Setting CVar [[r.Shadow.MaxResolution:2048]]
[2019.10.21-01.04.21:407][  0]LogConfig: Setting CVar [[r.Shadow.MaxCSMResolution:2048]]
[2019.10.21-01.04.21:407][  0]LogConfig: Setting CVar [[r.Shadow.RadiusThreshold:0.01]]
[2019.10.21-01.04.21:407][  0]LogConfig: Setting CVar [[r.Shadow.DistanceScale:1.0]]
[2019.10.21-01.04.21:407][  0]LogConfig: Setting CVar [[r.Shadow.CSM.TransitionScale:1.0]]
[2019.10.21-01.04.21:407][  0]LogConfig: Setting CVar [[r.Shadow.PreShadowResolutionFactor:1.0]]
[2019.10.21-01.04.21:407][  0]LogConfig: Setting CVar [[r.DistanceFieldShadowing:1]]
[2019.10.21-01.04.21:407][  0]LogConfig: Setting CVar [[r.DistanceFieldAO:1]]
[2019.10.21-01.04.21:407][  0]LogConfig: Setting CVar [[r.AOQuality:2]]
[2019.10.21-01.04.21:407][  0]LogConfig: Setting CVar [[r.VolumetricFog:1]]
[2019.10.21-01.04.21:407][  0]LogConfig: Setting CVar [[r.VolumetricFog.GridPixelSize:8]]
[2019.10.21-01.04.21:407][  0]LogConfig: Setting CVar [[r.VolumetricFog.GridSizeZ:128]]
[2019.10.21-01.04.21:407][  0]LogConfig: Setting CVar [[r.VolumetricFog.HistoryMissSupersampleCount:4]]
[2019.10.21-01.04.21:407][  0]LogConfig: Setting CVar [[r.LightMaxDrawDistanceScale:1]]
[2019.10.21-01.04.21:407][  0]LogConfig: Setting CVar [[r.CapsuleShadows:1]]
[2019.10.21-01.04.21:407][  0]LogConfig: Applying CVar settings from Section [PostProcessQuality@3] File [C:/Users/0ne5iveSe7en/Desktop/HalloweenProject/Game/Halloween_NathanJ/Saved/Config/Windows/Scalability.ini]
[2019.10.21-01.04.21:407][  0]LogConfig: Setting CVar [[r.MotionBlurQuality:4]]
[2019.10.21-01.04.21:407][  0]LogConfig: Setting CVar [[r.AmbientOcclusionMipLevelFactor:0.4]]
[2019.10.21-01.04.21:407][  0]LogConfig: Setting CVar [[r.AmbientOcclusionMaxQuality:100]]
[2019.10.21-01.04.21:407][  0]LogConfig: Setting CVar [[r.AmbientOcclusionLevels:-1]]
[2019.10.21-01.04.21:407][  0]LogConfig: Setting CVar [[r.AmbientOcclusionRadiusScale:1.0]]
[2019.10.21-01.04.21:407][  0]LogConfig: Setting CVar [[r.DepthOfFieldQuality:2]]
[2019.10.21-01.04.21:407][  0]LogConfig: Setting CVar [[r.RenderTargetPoolMin:400]]
[2019.10.21-01.04.21:407][  0]LogConfig: Setting CVar [[r.LensFlareQuality:2]]
[2019.10.21-01.04.21:407][  0]LogConfig: Setting CVar [[r.SceneColorFringeQuality:1]]
[2019.10.21-01.04.21:407][  0]LogConfig: Setting CVar [[r.EyeAdaptationQuality:2]]
[2019.10.21-01.04.21:407][  0]LogConfig: Setting CVar [[r.BloomQuality:5]]
[2019.10.21-01.04.21:407][  0]LogConfig: Setting CVar [[r.FastBlurThreshold:100]]
[2019.10.21-01.04.21:407][  0]LogConfig: Setting CVar [[r.Upscale.Quality:3]]
[2019.10.21-01.04.21:407][  0]LogConfig: Setting CVar [[r.Tonemapper.GrainQuantization:1]]
[2019.10.21-01.04.21:407][  0]LogConfig: Setting CVar [[r.LightShaftQuality:1]]
[2019.10.21-01.04.21:407][  0]LogConfig: Setting CVar [[r.Filter.SizeScale:1]]
[2019.10.21-01.04.21:407][  0]LogConfig: Setting CVar [[r.Tonemapper.Quality:5]]
[2019.10.21-01.04.21:407][  0]LogConfig: Setting CVar [[r.DOF.Gather.AccumulatorQuality:1        ; higher gathering accumulator quality]]
[2019.10.21-01.04.21:407][  0]LogConfig: Setting CVar [[r.DOF.Gather.PostfilterMethod:1          ; Median3x3 postfilering method]]
[2019.10.21-01.04.21:407][  0]LogConfig: Setting CVar [[r.DOF.Gather.EnableBokehSettings:0       ; no bokeh simulation when gathering]]
[2019.10.21-01.04.21:407][  0]LogConfig: Setting CVar [[r.DOF.Gather.RingCount:4                 ; medium number of samples when gathering]]
[2019.10.21-01.04.21:407][  0]LogConfig: Setting CVar [[r.DOF.Scatter.ForegroundCompositing:1    ; additive foreground scattering]]
[2019.10.21-01.04.21:408][  0]LogConfig: Setting CVar [[r.DOF.Scatter.BackgroundCompositing:2    ; additive background scattering]]
[2019.10.21-01.04.21:408][  0]LogConfig: Setting CVar [[r.DOF.Scatter.EnableBokehSettings:1      ; bokeh simulation when scattering]]
[2019.10.21-01.04.21:408][  0]LogConfig: Setting CVar [[r.DOF.Scatter.MaxSpriteRatio:0.1         ; only a maximum of 10% of scattered bokeh]]
[2019.10.21-01.04.21:408][  0]LogConfig: Setting CVar [[r.DOF.Recombine.Quality:1                ; cheap slight out of focus]]
[2019.10.21-01.04.21:408][  0]LogConfig: Setting CVar [[r.DOF.Recombine.EnableBokehSettings:0    ; no bokeh simulation on slight out of focus]]
[2019.10.21-01.04.21:408][  0]LogConfig: Setting CVar [[r.DOF.TemporalAAQuality:1                ; more stable temporal accumulation]]
[2019.10.21-01.04.21:408][  0]LogConfig: Setting CVar [[r.DOF.Kernel.MaxForegroundRadius:0.025]]
[2019.10.21-01.04.21:408][  0]LogConfig: Setting CVar [[r.DOF.Kernel.MaxBackgroundRadius:0.025]]
[2019.10.21-01.04.21:408][  0]LogConfig: Applying CVar settings from Section [TextureQuality@3] File [C:/Users/0ne5iveSe7en/Desktop/HalloweenProject/Game/Halloween_NathanJ/Saved/Config/Windows/Scalability.ini]
[2019.10.21-01.04.21:408][  0]LogConfig: Setting CVar [[r.Streaming.MipBias:0]]
[2019.10.21-01.04.21:408][  0]LogConfig: Setting CVar [[r.Streaming.AmortizeCPUToGPUCopy:0]]
[2019.10.21-01.04.21:408][  0]LogConfig: Setting CVar [[r.Streaming.MaxNumTexturesToStreamPerFrame:0]]
[2019.10.21-01.04.21:408][  0]LogConfig: Setting CVar [[r.Streaming.Boost:1]]
[2019.10.21-01.04.21:408][  0]LogConfig: Setting CVar [[r.MaxAnisotropy:8]]
[2019.10.21-01.04.21:408][  0]LogConfig: Setting CVar [[r.Streaming.LimitPoolSizeToVRAM:0]]
[2019.10.21-01.04.21:408][  0]LogConfig: Setting CVar [[r.Streaming.PoolSize:1000]]
[2019.10.21-01.04.21:408][  0]LogConfig: Setting CVar [[r.Streaming.MaxEffectiveScreenSize:0]]
[2019.10.21-01.04.21:408][  0]LogConfig: Applying CVar settings from Section [EffectsQuality@3] File [C:/Users/0ne5iveSe7en/Desktop/HalloweenProject/Game/Halloween_NathanJ/Saved/Config/Windows/Scalability.ini]
[2019.10.21-01.04.21:408][  0]LogConfig: Setting CVar [[r.TranslucencyLightingVolumeDim:64]]
[2019.10.21-01.04.21:408][  0]LogConfig: Setting CVar [[r.RefractionQuality:2]]
[2019.10.21-01.04.21:408][  0]LogConfig: Setting CVar [[r.SSR.Quality:3]]
[2019.10.21-01.04.21:408][  0]LogConfig: Setting CVar [[r.SceneColorFormat:4]]
[2019.10.21-01.04.21:408][  0]LogConfig: Setting CVar [[r.DetailMode:2]]
[2019.10.21-01.04.21:408][  0]LogConfig: Setting CVar [[r.TranslucencyVolumeBlur:1]]
[2019.10.21-01.04.21:408][  0]LogConfig: Setting CVar [[r.MaterialQualityLevel:1 ; High quality]]
[2019.10.21-01.04.21:408][  0]LogConfig: Setting CVar [[r.SSS.Scale:1]]
[2019.10.21-01.04.21:408][  0]LogConfig: Setting CVar [[r.SSS.SampleSet:2]]
[2019.10.21-01.04.21:408][  0]LogConfig: Setting CVar [[r.SSS.Quality:1]]
[2019.10.21-01.04.21:408][  0]LogConfig: Setting CVar [[r.SSS.HalfRes:1]]
[2019.10.21-01.04.21:408][  0]LogConfig: Setting CVar [[r.EmitterSpawnRateScale:1.0]]
[2019.10.21-01.04.21:408][  0]LogConfig: Setting CVar [[r.ParticleLightQuality:2]]
[2019.10.21-01.04.21:408][  0]LogConfig: Applying CVar settings from Section [FoliageQuality@3] File [C:/Users/0ne5iveSe7en/Desktop/HalloweenProject/Game/Halloween_NathanJ/Saved/Config/Windows/Scalability.ini]
[2019.10.21-01.04.21:408][  0]LogConfig: Setting CVar [[foliage.DensityScale:1.0]]
[2019.10.21-01.04.21:408][  0]LogConfig: Setting CVar [[grass.DensityScale:1.0]]
[2019.10.21-01.04.21:409][  0]LogInit: Selected Device Profile: [Windows]
[2019.10.21-01.04.21:409][  0]LogInit: Applying CVar settings loaded from the selected device profile: [Windows]
[2019.10.21-01.04.21:435][  0]LogHAL: Display: Platform has ~ 16 GB [17133588480 / 17179869184 / 16], which maps to Larger [LargestMinGB=32, LargerMinGB=12, DefaultMinGB=8, SmallerMinGB=6, SmallestMinGB=0)
[2019.10.21-01.04.21:435][  0]LogConfig: Setting CVar [[r.Vulkan.UseRealUBs:0		; Required until we fix HLR fall-out]]
[2019.10.21-01.04.21:435][  0]LogInit: Going up to parent DeviceProfile []
[2019.10.21-01.04.21:436][  0]LogConfig: Applying CVar settings from Section [ViewDistanceQuality@3] File [C:/Users/0ne5iveSe7en/Desktop/HalloweenProject/Game/Halloween_NathanJ/Saved/Config/Windows/Scalability.ini]
[2019.10.21-01.04.21:436][  0]LogConfig: Setting CVar [[r.SkeletalMeshLODBias:0]]
[2019.10.21-01.04.21:436][  0]LogConfig: Setting CVar [[r.ViewDistanceScale:1.0]]
[2019.10.21-01.04.21:436][  0]LogConfig: Applying CVar settings from Section [AntiAliasingQuality@3] File [C:/Users/0ne5iveSe7en/Desktop/HalloweenProject/Game/Halloween_NathanJ/Saved/Config/Windows/Scalability.ini]
[2019.10.21-01.04.21:436][  0]LogConfig: Setting CVar [[r.PostProcessAAQuality:4]]
[2019.10.21-01.04.21:436][  0]LogConfig: Applying CVar settings from Section [ShadowQuality@3] File [C:/Users/0ne5iveSe7en/Desktop/HalloweenProject/Game/Halloween_NathanJ/Saved/Config/Windows/Scalability.ini]
[2019.10.21-01.04.21:436][  0]LogConfig: Setting CVar [[r.LightFunctionQuality:1]]
[2019.10.21-01.04.21:436][  0]LogConfig: Setting CVar [[r.ShadowQuality:5]]
[2019.10.21-01.04.21:436][  0]LogConfig: Setting CVar [[r.Shadow.CSM.MaxCascades:10]]
[2019.10.21-01.04.21:436][  0]LogConfig: Setting CVar [[r.Shadow.MaxResolution:2048]]
[2019.10.21-01.04.21:436][  0]LogConfig: Setting CVar [[r.Shadow.MaxCSMResolution:2048]]
[2019.10.21-01.04.21:436][  0]LogConfig: Setting CVar [[r.Shadow.RadiusThreshold:0.01]]
[2019.10.21-01.04.21:436][  0]LogConfig: Setting CVar [[r.Shadow.DistanceScale:1.0]]
[2019.10.21-01.04.21:436][  0]LogConfig: Setting CVar [[r.Shadow.CSM.TransitionScale:1.0]]
[2019.10.21-01.04.21:436][  0]LogConfig: Setting CVar [[r.Shadow.PreShadowResolutionFactor:1.0]]
[2019.10.21-01.04.21:436][  0]LogConfig: Setting CVar [[r.DistanceFieldShadowing:1]]
[2019.10.21-01.04.21:436][  0]LogConfig: Setting CVar [[r.DistanceFieldAO:1]]
[2019.10.21-01.04.21:436][  0]LogConfig: Setting CVar [[r.AOQuality:2]]
[2019.10.21-01.04.21:436][  0]LogConfig: Setting CVar [[r.VolumetricFog:1]]
[2019.10.21-01.04.21:436][  0]LogConfig: Setting CVar [[r.VolumetricFog.GridPixelSize:8]]
[2019.10.21-01.04.21:436][  0]LogConfig: Setting CVar [[r.VolumetricFog.GridSizeZ:128]]
[2019.10.21-01.04.21:436][  0]LogConfig: Setting CVar [[r.VolumetricFog.HistoryMissSupersampleCount:4]]
[2019.10.21-01.04.21:436][  0]LogConfig: Setting CVar [[r.LightMaxDrawDistanceScale:1]]
[2019.10.21-01.04.21:436][  0]LogConfig: Setting CVar [[r.CapsuleShadows:1]]
[2019.10.21-01.04.21:436][  0]LogConfig: Applying CVar settings from Section [PostProcessQuality@3] File [C:/Users/0ne5iveSe7en/Desktop/HalloweenProject/Game/Halloween_NathanJ/Saved/Config/Windows/Scalability.ini]
[2019.10.21-01.04.21:436][  0]LogConfig: Setting CVar [[r.MotionBlurQuality:4]]
[2019.10.21-01.04.21:436][  0]LogConfig: Setting CVar [[r.AmbientOcclusionMipLevelFactor:0.4]]
[2019.10.21-01.04.21:436][  0]LogConfig: Setting CVar [[r.AmbientOcclusionMaxQuality:100]]
[2019.10.21-01.04.21:436][  0]LogConfig: Setting CVar [[r.AmbientOcclusionLevels:-1]]
[2019.10.21-01.04.21:436][  0]LogConfig: Setting CVar [[r.AmbientOcclusionRadiusScale:1.0]]
[2019.10.21-01.04.21:436][  0]LogConfig: Setting CVar [[r.DepthOfFieldQuality:2]]
[2019.10.21-01.04.21:436][  0]LogConfig: Setting CVar [[r.RenderTargetPoolMin:400]]
[2019.10.21-01.04.21:436][  0]LogConfig: Setting CVar [[r.LensFlareQuality:2]]
[2019.10.21-01.04.21:436][  0]LogConfig: Setting CVar [[r.SceneColorFringeQuality:1]]
[2019.10.21-01.04.21:436][  0]LogConfig: Setting CVar [[r.EyeAdaptationQuality:2]]
[2019.10.21-01.04.21:436][  0]LogConfig: Setting CVar [[r.BloomQuality:5]]
[2019.10.21-01.04.21:436][  0]LogConfig: Setting CVar [[r.FastBlurThreshold:100]]
[2019.10.21-01.04.21:436][  0]LogConfig: Setting CVar [[r.Upscale.Quality:3]]
[2019.10.21-01.04.21:436][  0]LogConfig: Setting CVar [[r.Tonemapper.GrainQuantization:1]]
[2019.10.21-01.04.21:436][  0]LogConfig: Setting CVar [[r.LightShaftQuality:1]]
[2019.10.21-01.04.21:436][  0]LogConfig: Setting CVar [[r.Filter.SizeScale:1]]
[2019.10.21-01.04.21:437][  0]LogConfig: Setting CVar [[r.Tonemapper.Quality:5]]
[2019.10.21-01.04.21:437][  0]LogConfig: Setting CVar [[r.DOF.Gather.AccumulatorQuality:1        ; higher gathering accumulator quality]]
[2019.10.21-01.04.21:437][  0]LogConfig: Setting CVar [[r.DOF.Gather.PostfilterMethod:1          ; Median3x3 postfilering method]]
[2019.10.21-01.04.21:437][  0]LogConfig: Setting CVar [[r.DOF.Gather.EnableBokehSettings:0       ; no bokeh simulation when gathering]]
[2019.10.21-01.04.21:437][  0]LogConfig: Setting CVar [[r.DOF.Gather.RingCount:4                 ; medium number of samples when gathering]]
[2019.10.21-01.04.21:437][  0]LogConfig: Setting CVar [[r.DOF.Scatter.ForegroundCompositing:1    ; additive foreground scattering]]
[2019.10.21-01.04.21:437][  0]LogConfig: Setting CVar [[r.DOF.Scatter.BackgroundCompositing:2    ; additive background scattering]]
[2019.10.21-01.04.21:437][  0]LogConfig: Setting CVar [[r.DOF.Scatter.EnableBokehSettings:1      ; bokeh simulation when scattering]]
[2019.10.21-01.04.21:437][  0]LogConfig: Setting CVar [[r.DOF.Scatter.MaxSpriteRatio:0.1         ; only a maximum of 10% of scattered bokeh]]
[2019.10.21-01.04.21:437][  0]LogConfig: Setting CVar [[r.DOF.Recombine.Quality:1                ; cheap slight out of focus]]
[2019.10.21-01.04.21:437][  0]LogConfig: Setting CVar [[r.DOF.Recombine.EnableBokehSettings:0    ; no bokeh simulation on slight out of focus]]
[2019.10.21-01.04.21:437][  0]LogConfig: Setting CVar [[r.DOF.TemporalAAQuality:1                ; more stable temporal accumulation]]
[2019.10.21-01.04.21:437][  0]LogConfig: Setting CVar [[r.DOF.Kernel.MaxForegroundRadius:0.025]]
[2019.10.21-01.04.21:437][  0]LogConfig: Setting CVar [[r.DOF.Kernel.MaxBackgroundRadius:0.025]]
[2019.10.21-01.04.21:437][  0]LogConfig: Applying CVar settings from Section [TextureQuality@3] File [C:/Users/0ne5iveSe7en/Desktop/HalloweenProject/Game/Halloween_NathanJ/Saved/Config/Windows/Scalability.ini]
[2019.10.21-01.04.21:437][  0]LogConfig: Setting CVar [[r.Streaming.MipBias:0]]
[2019.10.21-01.04.21:437][  0]LogConfig: Setting CVar [[r.Streaming.AmortizeCPUToGPUCopy:0]]
[2019.10.21-01.04.21:437][  0]LogConfig: Setting CVar [[r.Streaming.MaxNumTexturesToStreamPerFrame:0]]
[2019.10.21-01.04.21:437][  0]LogConfig: Setting CVar [[r.Streaming.Boost:1]]
[2019.10.21-01.04.21:437][  0]LogConfig: Setting CVar [[r.MaxAnisotropy:8]]
[2019.10.21-01.04.21:437][  0]LogConfig: Setting CVar [[r.Streaming.LimitPoolSizeToVRAM:0]]
[2019.10.21-01.04.21:437][  0]LogConfig: Setting CVar [[r.Streaming.PoolSize:1000]]
[2019.10.21-01.04.21:437][  0]LogConfig: Setting CVar [[r.Streaming.MaxEffectiveScreenSize:0]]
[2019.10.21-01.04.21:437][  0]LogConfig: Applying CVar settings from Section [EffectsQuality@3] File [C:/Users/0ne5iveSe7en/Desktop/HalloweenProject/Game/Halloween_NathanJ/Saved/Config/Windows/Scalability.ini]
[2019.10.21-01.04.21:437][  0]LogConfig: Setting CVar [[r.TranslucencyLightingVolumeDim:64]]
[2019.10.21-01.04.21:437][  0]LogConfig: Setting CVar [[r.RefractionQuality:2]]
[2019.10.21-01.04.21:437][  0]LogConfig: Setting CVar [[r.SSR.Quality:3]]
[2019.10.21-01.04.21:437][  0]LogConfig: Setting CVar [[r.SceneColorFormat:4]]
[2019.10.21-01.04.21:437][  0]LogConfig: Setting CVar [[r.DetailMode:2]]
[2019.10.21-01.04.21:437][  0]LogConfig: Setting CVar [[r.TranslucencyVolumeBlur:1]]
[2019.10.21-01.04.21:437][  0]LogConfig: Setting CVar [[r.MaterialQualityLevel:1 ; High quality]]
[2019.10.21-01.04.21:437][  0]LogConfig: Setting CVar [[r.SSS.Scale:1]]
[2019.10.21-01.04.21:437][  0]LogConfig: Setting CVar [[r.SSS.SampleSet:2]]
[2019.10.21-01.04.21:437][  0]LogConfig: Setting CVar [[r.SSS.Quality:1]]
[2019.10.21-01.04.21:437][  0]LogConfig: Setting CVar [[r.SSS.HalfRes:1]]
[2019.10.21-01.04.21:437][  0]LogConfig: Setting CVar [[r.EmitterSpawnRateScale:1.0]]
[2019.10.21-01.04.21:437][  0]LogConfig: Setting CVar [[r.ParticleLightQuality:2]]
[2019.10.21-01.04.21:437][  0]LogConfig: Applying CVar settings from Section [FoliageQuality@3] File [C:/Users/0ne5iveSe7en/Desktop/HalloweenProject/Game/Halloween_NathanJ/Saved/Config/Windows/Scalability.ini]
[2019.10.21-01.04.21:437][  0]LogConfig: Setting CVar [[foliage.DensityScale:1.0]]
[2019.10.21-01.04.21:437][  0]LogConfig: Setting CVar [[grass.DensityScale:1.0]]
[2019.10.21-01.04.21:437][  0]LogConfig: Applying CVar settings from Section [Startup] File [../../../Engine/Config/ConsoleVariables.ini]
[2019.10.21-01.04.21:442][  0]LogConfig: Setting CVar [[net.UseAdaptiveNetUpdateFrequency:0]]
[2019.10.21-01.04.21:442][  0]LogConfig: Setting CVar [[p.chaos.AllowCreatePhysxBodies:1]]
[2019.10.21-01.04.21:442][  0]LogConfig: Applying CVar settings from Section [ConsoleVariables] File [C:/Users/0ne5iveSe7en/Desktop/HalloweenProject/Game/Halloween_NathanJ/Saved/Config/Windows/Engine.ini]
[2019.10.21-01.04.21:443][  0]LogInit: Computer: 0NE5IVESE7EN
[2019.10.21-01.04.21:443][  0]LogInit: User: 0ne5iveSe7en
[2019.10.21-01.04.21:443][  0]LogInit: CPU Page size=4096, Cores=4
[2019.10.21-01.04.21:443][  0]LogInit: High frequency timer resolution =10.000000 MHz
[2019.10.21-01.04.21:443][  0]LogMemory: Memory total: Physical=16.0GB (16GB approx)
[2019.10.21-01.04.21:443][  0]LogMemory: Platform Memory Stats for Windows
[2019.10.21-01.04.21:443][  0]LogMemory: Process Physical Memory: 96.92 MB used, 96.93 MB peak
[2019.10.21-01.04.21:443][  0]LogMemory: Process Virtual Memory: 89.10 MB used, 89.10 MB peak
[2019.10.21-01.04.21:443][  0]LogMemory: Physical Memory: 3697.28 MB used,  12642.59 MB free, 16339.86 MB total
[2019.10.21-01.04.21:443][  0]LogMemory: Virtual Memory: 4642.21 MB used,  134213088.00 MB free, 134217728.00 MB total
[2019.10.21-01.04.22:097][  0]LogInit: Using OS detected language (en-US).
[2019.10.21-01.04.22:097][  0]LogInit: Using OS detected locale (en-US).
[2019.10.21-01.04.22:100][  0]LogTextLocalizationManager: No specific localization for 'en-US' exists, so the 'en' localization will be used.
[2019.10.21-01.04.22:415][  0]LogInit: Setting process to per monitor DPI aware
[2019.10.21-01.04.22:517][  0]LogSlate: New Slate User Created.  User Index 0, Is Virtual User: 0
[2019.10.21-01.04.22:517][  0]LogSlate: Slate User Registered.  User Index 0, Is Virtual User: 0
[2019.10.21-01.04.25:236][  0]LogHMD: Failed to initialize OpenVR with code 110
[2019.10.21-01.04.25:236][  0]LogD3D11RHI: D3D11 adapters:
[2019.10.21-01.04.25:294][  0]LogD3D11RHI:    0. 'NVIDIA GeForce GTX 1060' (Feature Level 11_0)
[2019.10.21-01.04.25:294][  0]LogD3D11RHI:       6052/0/8169 MB DedicatedVideo/DedicatedSystem/SharedSystem, Outputs:1, VendorId:0x10de
[2019.10.21-01.04.25:297][  0]LogD3D11RHI:    1. 'Microsoft Basic Render Driver' (Feature Level 11_0)
[2019.10.21-01.04.25:297][  0]LogD3D11RHI:       0/0/8169 MB DedicatedVideo/DedicatedSystem/SharedSystem, Outputs:0, VendorId:0x1414
[2019.10.21-01.04.25:297][  0]LogD3D11RHI: Chosen D3D11 Adapter: 0
[2019.10.21-01.04.25:306][  0]LogD3D11RHI: Creating new Direct3DDevice
[2019.10.21-01.04.25:306][  0]LogD3D11RHI:     GPU DeviceId: 0x1c20 (for the marketing name, search the web for "GPU Device Id")
[2019.10.21-01.04.25:306][  0]LogWindows: EnumDisplayDevices:
[2019.10.21-01.04.25:306][  0]LogWindows:    0. 'NVIDIA GeForce GTX 1060' (P:1 D:1)
[2019.10.21-01.04.25:307][  0]LogWindows:    1. 'NVIDIA GeForce GTX 1060' (P:0 D:0)
[2019.10.21-01.04.25:307][  0]LogWindows:    2. 'NVIDIA GeForce GTX 1060' (P:0 D:0)
[2019.10.21-01.04.25:307][  0]LogWindows:    3. 'NVIDIA GeForce GTX 1060' (P:0 D:0)
[2019.10.21-01.04.25:308][  0]LogWindows: DebugString: FoundDriverCount:4 
[2019.10.21-01.04.25:308][  0]LogD3D11RHI:     Adapter Name: NVIDIA GeForce GTX 1060
[2019.10.21-01.04.25:308][  0]LogD3D11RHI:   Driver Version: 431.86 (internal:26.21.14.3186, unified:431.86)
[2019.10.21-01.04.25:308][  0]LogD3D11RHI:      Driver Date: 8-27-2019
[2019.10.21-01.04.25:308][  0]LogRHI: Texture pool is 4236 MB (70% of 6052 MB)
[2019.10.21-01.04.25:351][  0]LogD3D11RHI: Async texture creation enabled
[2019.10.21-01.04.25:362][  0]LogRendererCore: FGlobalReadBuffer::InitRHI
[2019.10.21-01.04.25:362][  0]LogRendererCore: FGlobalReadBuffer::InitRHI
[2019.10.21-01.04.25:362][  0]LogRendererCore: FGlobalReadBuffer::InitRHI
[2019.10.21-01.04.25:371][  0]LogD3D11RHI: GPU Timing Frequency: 1000.000000 (Debug: 2 1)
[2019.10.21-01.04.26:146][  0]LogTemp: Display: Module 'AllDesktopTargetPlatform' loaded TargetPlatform 'AllDesktop'
[2019.10.21-01.04.26:170][  0]LogTemp: Display: Module 'MacClientTargetPlatform' loaded TargetPlatform 'MacClient'
[2019.10.21-01.04.26:195][  0]LogTemp: Display: Module 'MacNoEditorTargetPlatform' loaded TargetPlatform 'MacNoEditor'
[2019.10.21-01.04.26:219][  0]LogTemp: Display: Module 'MacServerTargetPlatform' loaded TargetPlatform 'MacServer'
[2019.10.21-01.04.26:248][  0]LogTemp: Display: Module 'MacTargetPlatform' loaded TargetPlatform 'Mac'
[2019.10.21-01.04.26:272][  0]LogTemp: Display: Module 'WindowsClientTargetPlatform' loaded TargetPlatform 'WindowsClient'
[2019.10.21-01.04.26:297][  0]LogTemp: Display: Module 'WindowsNoEditorTargetPlatform' loaded TargetPlatform 'WindowsNoEditor'
[2019.10.21-01.04.26:326][  0]LogTemp: Display: Module 'WindowsServerTargetPlatform' loaded TargetPlatform 'WindowsServer'
[2019.10.21-01.04.26:345][  0]LogTemp: Display: Module 'WindowsTargetPlatform' loaded TargetPlatform 'Windows'
[2019.10.21-01.04.26:449][  0]LogTemp: Display: Module 'AndroidTargetPlatform' loaded TargetPlatform 'Android'
[2019.10.21-01.04.26:449][  0]LogTemp: Display: Module 'AndroidTargetPlatform' loaded TargetPlatform 'Android_ASTC'
[2019.10.21-01.04.26:449][  0]LogTemp: Display: Module 'AndroidTargetPlatform' loaded TargetPlatform 'Android_ATC'
[2019.10.21-01.04.26:449][  0]LogTemp: Display: Module 'AndroidTargetPlatform' loaded TargetPlatform 'Android_DXT'
[2019.10.21-01.04.26:449][  0]LogTemp: Display: Module 'AndroidTargetPlatform' loaded TargetPlatform 'Android_ETC1'
[2019.10.21-01.04.26:449][  0]LogTemp: Display: Module 'AndroidTargetPlatform' loaded TargetPlatform 'Android_ETC1a'
[2019.10.21-01.04.26:449][  0]LogTemp: Display: Module 'AndroidTargetPlatform' loaded TargetPlatform 'Android_ETC2'
[2019.10.21-01.04.26:449][  0]LogTemp: Display: Module 'AndroidTargetPlatform' loaded TargetPlatform 'Android_PVRTC'
[2019.10.21-01.04.26:449][  0]LogTemp: Display: Module 'AndroidTargetPlatform' loaded TargetPlatform 'AndroidClient'
[2019.10.21-01.04.26:449][  0]LogTemp: Display: Module 'AndroidTargetPlatform' loaded TargetPlatform 'Android_ASTCClient'
[2019.10.21-01.04.26:449][  0]LogTemp: Display: Module 'AndroidTargetPlatform' loaded TargetPlatform 'Android_ATCClient'
[2019.10.21-01.04.26:449][  0]LogTemp: Display: Module 'AndroidTargetPlatform' loaded TargetPlatform 'Android_DXTClient'
[2019.10.21-01.04.26:449][  0]LogTemp: Display: Module 'AndroidTargetPlatform' loaded TargetPlatform 'Android_ETC1Client'
[2019.10.21-01.04.26:449][  0]LogTemp: Display: Module 'AndroidTargetPlatform' loaded TargetPlatform 'Android_ETC1aClient'
[2019.10.21-01.04.26:449][  0]LogTemp: Display: Module 'AndroidTargetPlatform' loaded TargetPlatform 'Android_ETC2Client'
[2019.10.21-01.04.26:449][  0]LogTemp: Display: Module 'AndroidTargetPlatform' loaded TargetPlatform 'Android_PVRTCClient'
[2019.10.21-01.04.26:449][  0]LogTemp: Display: Module 'AndroidTargetPlatform' loaded TargetPlatform 'Android_Multi'
[2019.10.21-01.04.26:449][  0]LogTemp: Display: Module 'AndroidTargetPlatform' loaded TargetPlatform 'Android_MultiClient'
[2019.10.21-01.04.26:463][  0]LogTemp: Display: Module 'HTML5TargetPlatform' loaded TargetPlatform 'HTML5'
[2019.10.21-01.04.26:557][  0]LogTemp: Display: Module 'IOSTargetPlatform' loaded TargetPlatform 'IOSClient'
[2019.10.21-01.04.26:557][  0]LogTemp: Display: Module 'IOSTargetPlatform' loaded TargetPlatform 'IOS'
[2019.10.21-01.04.26:594][  0]LogTemp: Display: Module 'TVOSTargetPlatform' loaded TargetPlatform 'TVOSClient'
[2019.10.21-01.04.26:594][  0]LogTemp: Display: Module 'TVOSTargetPlatform' loaded TargetPlatform 'TVOS'
[2019.10.21-01.04.26:618][  0]LogTemp: Display: Module 'LinuxClientTargetPlatform' loaded TargetPlatform 'LinuxClient'
[2019.10.21-01.04.26:643][  0]LogTemp: Display: Module 'LinuxNoEditorTargetPlatform' loaded TargetPlatform 'LinuxNoEditor'
[2019.10.21-01.04.26:667][  0]LogTemp: Display: Module 'LinuxServerTargetPlatform' loaded TargetPlatform 'LinuxServer'
[2019.10.21-01.04.26:699][  0]LogTemp: Display: Module 'LinuxTargetPlatform' loaded TargetPlatform 'Linux'
[2019.10.21-01.04.26:758][  0]LogTemp: Display: Module 'LuminTargetPlatform' loaded TargetPlatform 'Lumin'
[2019.10.21-01.04.26:758][  0]LogTemp: Display: Module 'LuminTargetPlatform' loaded TargetPlatform 'LuminClient'
[2019.10.21-01.04.26:758][  0]LogTargetPlatformManager: Display: Building Assets For Windows
[2019.10.21-01.04.26:823][  0]LogAudioDebug: Display: Lib vorbis DLL was dynamically loaded.
[2019.10.21-01.04.27:139][  0]LogShaderCompilers: Guid format shader working directory is -16 characters bigger than the processId version (C:/Users/0ne5iveSe7en/Desktop/HalloweenProject/Game/Halloween_NathanJ/Intermediate/Shaders/WorkingDirectory/1044/).
[2019.10.21-01.04.27:139][  0]LogShaderCompilers: Cleaned the shader compiler working directory 'C:/Users/0ne5iveSe7en/AppData/Local/Temp/UnrealShaderWorkingDir/62851F7D47AA94E15C96389D880AE093/'.
[2019.10.21-01.04.27:141][  0]LogXGEController: Cleaning working directory: C:/Users/0ne5iveSe7en/AppData/Local/Temp/UnrealXGEWorkingDir/
[2019.10.21-01.04.27:141][  0]LogXGEController: Cannot use XGE Controller as Incredibuild is not installed on this machine.
[2019.10.21-01.04.27:141][  0]LogShaderCompilers: Cannot use XGE Shader Compiler as Incredibuild is not installed on this machine.
[2019.10.21-01.04.27:141][  0]LogShaderCompilers: Display: Using Local Shader Compiler.
[2019.10.21-01.04.29:541][  0]LogDerivedDataCache: Display: Max Cache Size: 512 MB
[2019.10.21-01.04.29:642][  0]LogDerivedDataCache: Loaded boot cache 0.10s 71MB C:/Users/0ne5iveSe7en/AppData/Local/UnrealEngine/4.22/DerivedDataCache/Boot.ddc.
[2019.10.21-01.04.29:642][  0]LogDerivedDataCache: Display: Loaded Boot cache: C:/Users/0ne5iveSe7en/AppData/Local/UnrealEngine/4.22/DerivedDataCache/Boot.ddc
[2019.10.21-01.04.29:642][  0]LogDerivedDataCache: FDerivedDataBackendGraph:  Pak pak cache file C:/Users/0ne5iveSe7en/Desktop/HalloweenProject/Game/Halloween_NathanJ/DerivedDataCache/DDC.ddp not found, will not use a pak cache.
[2019.10.21-01.04.29:642][  0]LogDerivedDataCache: Unable to find inner node Pak for hierarchical cache Hierarchy.
[2019.10.21-01.04.29:642][  0]LogDerivedDataCache: FDerivedDataBackendGraph:  CompressedPak pak cache file C:/Users/0ne5iveSe7en/Desktop/HalloweenProject/Game/Halloween_NathanJ/DerivedDataCache/Compressed.ddp not found, will not use a pak cache.
[2019.10.21-01.04.29:642][  0]LogDerivedDataCache: Unable to find inner node CompressedPak for hierarchical cache Hierarchy.
[2019.10.21-01.04.29:665][  0]LogDerivedDataCache: Display: Pak cache opened for reading ../../../Engine/DerivedDataCache/Compressed.ddp.
[2019.10.21-01.04.29:665][  0]LogDerivedDataCache: FDerivedDataBackendGraph:  EnterprisePak pak cache file ../../../Enterprise/DerivedDataCache/Compressed.ddp not found, will not use a pak cache.
[2019.10.21-01.04.29:665][  0]LogDerivedDataCache: Unable to find inner node EnterprisePak for hierarchical cache Hierarchy.
[2019.10.21-01.04.29:678][  0]LogDerivedDataCache: Using Local data cache path C:/Users/0ne5iveSe7en/AppData/Local/UnrealEngine/Common/DerivedDataCache: Writable
[2019.10.21-01.04.29:678][  0]LogDerivedDataCache: Shared data cache path not found in *engine.ini, will not use an Shared cache.
[2019.10.21-01.04.29:678][  0]LogDerivedDataCache: Unable to find inner node Shared for hierarchical cache Hierarchy.
[2019.10.21-01.04.29:704][  0]LogMaterial: Verifying Global Shaders for PCD3D_SM5
[2019.10.21-01.04.29:711][  0]LogSlate: Using FreeType 2.6.0
[2019.10.21-01.04.29:731][  0]LogSlate: SlateFontServices - WITH_FREETYPE: 1, WITH_HARFBUZZ: 1
[2019.10.21-01.04.30:068][  0]LogAssetRegistry: FAssetRegistry took 0.0356 seconds to start up
[2019.10.21-01.04.30:512][  0]LogInit: Selected Device Profile: [Windows]
[2019.10.21-01.04.30:947][  0]LogMeshReduction: Using QuadricMeshReduction for automatic static mesh reduction
[2019.10.21-01.04.30:947][  0]LogMeshReduction: Using SimplygonMeshReduction for automatic skeletal mesh reduction
[2019.10.21-01.04.30:947][  0]LogMeshReduction: Using ProxyLODMeshReduction for automatic mesh merging
[2019.10.21-01.04.30:947][  0]LogMeshReduction: No distributed automatic mesh merging module available
[2019.10.21-01.04.30:947][  0]LogMeshMerging: No distributed automatic mesh merging module available
[2019.10.21-01.04.30:998][  0]LogNetVersion: Halloween_NathanJ 1.0.0, NetCL: 5660361, EngineNetVer: 10, GameNetVer: 0 (Checksum: 4241844770)
[2019.10.21-01.04.32:225][  0]LogPackageLocalizationCache: Processed 10 localized package path(s) for 1 prioritized culture(s) in 0.067342 seconds
[2019.10.21-01.04.32:233][  0]LogUObjectArray: 42205 objects as part of root set at end of initial load.
[2019.10.21-01.04.32:233][  0]LogUObjectAllocator: 7325032 out of 0 bytes used by permanent object pool.
[2019.10.21-01.04.32:233][  0]LogUObjectArray: CloseDisregardForGC: 0/0 objects in disregard for GC pool
[2019.10.21-01.04.36:454][  0]LogTcpMessaging: Initializing TcpMessaging bridge
[2019.10.21-01.04.36:482][  0]LogUdpMessaging: Initializing bridge on interface 0.0.0.0:0 to multicast group 230.0.0.1:6666.
[2019.10.21-01.04.36:850][  0]SourceControl: Source control is disabled
[2019.10.21-01.04.36:850][  0]SourceControl: Source control is disabled
[2019.10.21-01.04.36:874][  0]SourceControl: Source control is disabled
[2019.10.21-01.04.36:890][  0]SourceControl: Source control is disabled
[2019.10.21-01.04.36:935][  0]LogVSAccessor: Display: Unable to create Visual Studio setup instance: 80040154
[2019.10.21-01.04.36:937][  0]LogVSAccessor: Display: Unable to create Visual Studio setup instance: 80040154
[2019.10.21-01.04.37:474][  0]LogAndroidPermission: UAndroidPermissionCallbackProxy::GetInstance
[2019.10.21-01.04.37:742][  0]LogOcInput: OculusInput pre-init called
[2019.10.21-01.04.38:599][  0]LogEngine: Initializing Engine...
[2019.10.21-01.04.38:601][  0]LogHMD: Failed to initialize OpenVR with code 110
[2019.10.21-01.04.38:603][  0]LogStats: UGameplayTagsManager::InitializeManager -  0.001 s
[2019.10.21-01.04.39:022][  0]LogInit: Initializing FReadOnlyCVARCache
[2019.10.21-01.04.39:068][  0]LogAIModule: Creating AISystem for world Untitled
[2019.10.21-01.04.39:089][  0]LogInit: XAudio2 using 'Speakers (Realtek High Definition Audio)' : 6 channels at 48 kHz using 16 bits per sample (channel mask 0x3f)
[2019.10.21-01.04.39:323][  0]LogInit: FAudioDevice initialized.
[2019.10.21-01.04.39:323][  0]LogNetVersion: Set ProjectVersion to 1.0.0.0. Version Checksum will be recalculated on next use.
[2019.10.21-01.04.39:371][  0]LogDerivedDataCache: Saved boot cache 0.05s 71MB C:/Users/0ne5iveSe7en/AppData/Local/UnrealEngine/4.22/DerivedDataCache/Boot.ddc.
[2019.10.21-01.04.39:377][  0]LogInit: Texture streaming: Enabled
[2019.10.21-01.04.39:442][  0]LogEngineSessionManager: EngineSessionManager initialized
[2019.10.21-01.04.39:492][  0]LogInit: Transaction tracking system initialized
[2019.10.21-01.04.39:597][  0]BlueprintLog: New page: Editor Load
[2019.10.21-01.04.40:015][  0]LocalizationService: Localization service is disabled
[2019.10.21-01.04.40:507][  0]LogVSAccessor: Display: Unable to create Visual Studio setup instance: 80040154
[2019.10.21-01.04.40:507][  0]LogVSAccessor: Display: Unable to create Visual Studio setup instance: 80040154
[2019.10.21-01.04.40:924][  0]LogCook: Display: Max memory allowance for cook 16384mb min free memory 0mb
[2019.10.21-01.04.40:924][  0]LogCook: Display: Mobile HDR setting 1
[2019.10.21-01.04.41:758][  0]LogFileCache: Scanning file cache for directory 'C:/Users/0ne5iveSe7en/Desktop/HalloweenProject/Game/Halloween_NathanJ/Content/' took 0.05s
[2019.10.21-01.04.41:797][  0]SourceControl: Source control is disabled
[2019.10.21-01.04.41:798][  0]Cmd: MAP LOAD FILE="C:/Users/0ne5iveSe7en/Desktop/HalloweenProject/Game/Halloween_NathanJ/Content/Maps/Halloween_Map.umap" TEMPLATE=0 SHOWPROGRESS=1 FEATURELEVEL=3
[2019.10.21-01.04.41:799][  0]LightingResults: New page: Lighting Build
[2019.10.21-01.04.41:806][  0]MapCheck: New page: Map Check
[2019.10.21-01.04.41:806][  0]LightingResults: New page: Lighting Build
[2019.10.21-01.04.41:837][  0]LogUObjectHash: Compacting FUObjectHashTables data took   1.89ms
[2019.10.21-01.04.46:377][  0]LoadErrors: Warning: Linear color curves now accurately handle RGB values > 1. If you were relying on HSV clamping, please update Curve_GoodSky_AllOverlayColor
[2019.10.21-01.04.46:377][  0]LoadErrors: Warning: Linear color curves now accurately handle RGB values > 1. If you were relying on HSV clamping, please update Curve_GoodSky_DomeColor
[2019.10.21-01.04.46:377][  0]LoadErrors: Warning: Linear color curves now accurately handle RGB values > 1. If you were relying on HSV clamping, please update Curve_GoodSky_BaseCloudColor
[2019.10.21-01.04.46:377][  0]LoadErrors: Warning: Linear color curves now accurately handle RGB values > 1. If you were relying on HSV clamping, please update Curve_GoodSky_horizon_Color
[2019.10.21-01.04.46:402][  0]LogAIModule: Creating AISystem for world Halloween_Map
[2019.10.21-01.04.46:684][  0]LogEditorServer: Finished looking for orphan Actors (0.000 secs)
[2019.10.21-01.04.46:720][  0]LogUObjectHash: Compacting FUObjectHashTables data took   2.45ms
[2019.10.21-01.04.46:721][  0]Cmd: MAP CHECKDEP NOCLEARLOG
[2019.10.21-01.04.46:721][  0]MapCheck: Map check complete: 0 Error(s), 0 Warning(s), took 0.178ms to complete.
[2019.10.21-01.04.46:721][  0]LogFileHelpers: Loading map 'Halloween_Map' took 4.924
[2019.10.21-01.04.46:884][  0]LogSlate: Updating window title bar state: overlay mode, drag disabled, window buttons hidden, title bar hidden
[2019.10.21-01.04.46:892][  0]LogSlate: Updating window title bar state: overlay mode, drag disabled, window buttons hidden, title bar hidden
[2019.10.21-01.04.46:900][  0]LogSlate: Updating window title bar state: overlay mode, drag disabled, window buttons hidden, title bar hidden
[2019.10.21-01.04.46:908][  0]LogSlate: Updating window title bar state: overlay mode, drag disabled, window buttons hidden, title bar hidden
[2019.10.21-01.04.47:161][  0]LogCollectionManager: Loaded 0 collections in 0.000909 seconds
[2019.10.21-01.04.47:194][  0]LogFileCache: Scanning file cache for directory 'C:/Users/0ne5iveSe7en/Desktop/HalloweenProject/Game/Halloween_NathanJ/Saved/Collections/' took 0.01s
[2019.10.21-01.04.47:194][  0]LogFileCache: Scanning file cache for directory 'C:/Users/0ne5iveSe7en/Desktop/HalloweenProject/Game/Halloween_NathanJ/Content/Developers/0ne5iveSe7en/Collections/' took 0.01s
[2019.10.21-01.04.47:194][  0]LogFileCache: Scanning file cache for directory 'C:/Users/0ne5iveSe7en/Desktop/HalloweenProject/Game/Halloween_NathanJ/Content/Collections/' took 0.00s
[2019.10.21-01.04.47:194][  0]LogCollectionManager: Rebuilt the GUID cache for 0 collections in 0.000000 seconds
[2019.10.21-01.04.47:203][  0]LogContentBrowser: Native class hierarchy populated in 0.0087 seconds. Added 2733 classes and 661 folders.
[2019.10.21-01.04.47:211][  0]LogContentBrowser: Native class hierarchy updated for 'WidgetCarousel' in 0.0002 seconds. Added 0 classes and 0 folders.
[2019.10.21-01.04.47:222][  0]LogPakFile: Registered encryption key '00000000000000000000000000000000': 0 pak files mounted, 0 remain pending
[2019.10.21-01.04.47:230][  0]LogPakFile: Registered encryption key '00000000000000000000000000000000': 0 pak files mounted, 0 remain pending
[2019.10.21-01.04.47:247][  0]LogPakFile: Registered encryption key '00000000000000000000000000000000': 0 pak files mounted, 0 remain pending
[2019.10.21-01.04.47:252][  0]LogPakFile: Registered encryption key '00000000000000000000000000000000': 0 pak files mounted, 0 remain pending
[2019.10.21-01.04.47:258][  0]LogPakFile: Registered encryption key '00000000000000000000000000000000': 0 pak files mounted, 0 remain pending
[2019.10.21-01.04.47:264][  0]LogPakFile: Registered encryption key '00000000000000000000000000000000': 0 pak files mounted, 0 remain pending
[2019.10.21-01.04.47:270][  0]LogPakFile: Registered encryption key '00000000000000000000000000000000': 0 pak files mounted, 0 remain pending
[2019.10.21-01.04.47:277][  0]LogPakFile: Registered encryption key '00000000000000000000000000000000': 0 pak files mounted, 0 remain pending
[2019.10.21-01.04.47:284][  0]LogPakFile: Registered encryption key '00000000000000000000000000000000': 0 pak files mounted, 0 remain pending
[2019.10.21-01.04.47:291][  0]LogPakFile: Registered encryption key '00000000000000000000000000000000': 0 pak files mounted, 0 remain pending
[2019.10.21-01.04.47:296][  0]LogPakFile: Registered encryption key '00000000000000000000000000000000': 0 pak files mounted, 0 remain pending
[2019.10.21-01.04.47:302][  0]LogPakFile: Registered encryption key '00000000000000000000000000000000': 0 pak files mounted, 0 remain pending
[2019.10.21-01.04.47:312][  0]LogPakFile: Registered encryption key '00000000000000000000000000000000': 0 pak files mounted, 0 remain pending
[2019.10.21-01.04.47:318][  0]LogPakFile: Registered encryption key '00000000000000000000000000000000': 0 pak files mounted, 0 remain pending
[2019.10.21-01.04.47:325][  0]LogPakFile: Registered encryption key '00000000000000000000000000000000': 0 pak files mounted, 0 remain pending
[2019.10.21-01.04.47:330][  0]LogPakFile: Registered encryption key '00000000000000000000000000000000': 0 pak files mounted, 0 remain pending
[2019.10.21-01.04.47:360][  0]LogPakFile: Registered encryption key '00000000000000000000000000000000': 0 pak files mounted, 0 remain pending
[2019.10.21-01.04.47:367][  0]LogPakFile: Registered encryption key '00000000000000000000000000000000': 0 pak files mounted, 0 remain pending
[2019.10.21-01.04.47:373][  0]LogPakFile: Registered encryption key '00000000000000000000000000000000': 0 pak files mounted, 0 remain pending
[2019.10.21-01.04.47:380][  0]LogPakFile: Registered encryption key '00000000000000000000000000000000': 0 pak files mounted, 0 remain pending
[2019.10.21-01.04.47:387][  0]LogPakFile: Registered encryption key '00000000000000000000000000000000': 0 pak files mounted, 0 remain pending
[2019.10.21-01.04.47:393][  0]LogPakFile: Registered encryption key '00000000000000000000000000000000': 0 pak files mounted, 0 remain pending
[2019.10.21-01.04.47:399][  0]LogPakFile: Registered encryption key '00000000000000000000000000000000': 0 pak files mounted, 0 remain pending
[2019.10.21-01.04.47:407][  0]LogPakFile: Registered encryption key '00000000000000000000000000000000': 0 pak files mounted, 0 remain pending
[2019.10.21-01.04.47:416][  0]LogPakFile: Registered encryption key '00000000000000000000000000000000': 0 pak files mounted, 0 remain pending
[2019.10.21-01.04.47:422][  0]LogPakFile: Registered encryption key '00000000000000000000000000000000': 0 pak files mounted, 0 remain pending
[2019.10.21-01.04.47:590][  0]LogContentBrowser: Native class hierarchy updated for 'AddContentDialog' in 0.0002 seconds. Added 0 classes and 0 folders.
[2019.10.21-01.04.47:609][  0]LogSlate: Took 0.006676 seconds to synchronously load lazily loaded font '../../../Engine/Content/Slate/Fonts/Roboto-Regular.ttf' (155K)
[2019.10.21-01.04.47:617][  0]LogSlate: Took 0.005236 seconds to synchronously load lazily loaded font '../../../Engine/Content/Slate/Fonts/Roboto-Bold.ttf' (160K)
[2019.10.21-01.04.47:626][  0]LogSlate: Took 0.004924 seconds to synchronously load lazily loaded font '../../../Engine/Content/Editor/Slate/Fonts/FontAwesome.ttf' (139K)
[2019.10.21-01.04.47:725][  0]LogRenderer: Reallocating scene render targets to support 1268x588 Format 10 NumSamples 1 (Frame:1).
[2019.10.21-01.04.47:915][  0]LogContentBrowser: Native class hierarchy updated for 'HierarchicalLODOutliner' in 0.0002 seconds. Added 0 classes and 0 folders.
[2019.10.21-01.04.47:915][  0]LogLoad: (Engine Initialization) Total time: 31.36 seconds
[2019.10.21-01.04.47:915][  0]LogLoad: (Engine Initialization) Total Blueprint compile time: 0.00 seconds
[2019.10.21-01.04.47:990][  0]LogContentStreaming: Texture pool size now 1000 MB
[2019.10.21-01.04.48:024][  1]LogAssetRegistry: Asset discovery search completed in 17.9792 seconds
[2019.10.21-01.04.48:027][  1]LogCollectionManager: Rebuilt the object cache for 0 collections in 0.000000 seconds (found 0 objects)
[2019.10.21-01.04.48:027][  1]LogCollectionManager: Fixed up redirectors for 0 collections in 0.000058 seconds (updated 0 objects)
[2019.10.21-01.04.53:632][333]LogSlate: FSceneViewport::OnFocusLost() reason 0
[2019.10.21-01.04.53:669][333]LogSlate: Took 0.010411 seconds to synchronously load lazily loaded font '../../../Engine/Content/Slate/Fonts/Roboto-Light.ttf' (167K)
[2019.10.21-01.05.25:059][211]LogSlate: FSceneViewport::OnFocusLost() reason 0
[2019.10.21-01.05.25:109][214]LogTemp: Repeating last play command: Selected Viewport
[2019.10.21-01.05.25:121][214]LogBlueprintUserMessages: Early PlayInEditor Detection: Level '/Game/Maps/Halloween_Map.Halloween_Map:PersistentLevel' has LevelScriptBlueprint '/Game/Maps/Halloween_Map.Halloween_Map:PersistentLevel.Halloween_Map' with GeneratedClass '/Game/Maps/Halloween_Map.Halloween_Map_C' with ClassGeneratedBy '/Game/Maps/Halloween_Map.Halloween_Map:PersistentLevel.Halloween_Map'
[2019.10.21-01.05.25:126][214]LogPlayLevel: PlayLevel: No blueprints needed recompiling
[2019.10.21-01.05.25:128][214]PIE: New page: PIE session: Halloween_Map (Oct 20, 2019, 3:05:25 PM)
[2019.10.21-01.05.25:142][214]LogPlayLevel: Creating play world package: /Game/Maps/UEDPIE_0_Halloween_Map
[2019.10.21-01.05.25:198][214]LogPlayLevel: PIE: StaticDuplicateObject took: (0.056766s)
[2019.10.21-01.05.25:199][214]LogAIModule: Creating AISystem for world Halloween_Map
[2019.10.21-01.05.25:199][214]LogPlayLevel: PIE: World Init took: (0.001057s)
[2019.10.21-01.05.25:199][214]LogPlayLevel: PIE: Created PIE world by copying editor world from /Game/Maps/Halloween_Map.Halloween_Map to /Game/Maps/UEDPIE_0_Halloween_Map.Halloween_Map (0.058385s)
[2019.10.21-01.05.25:226][214]LogUObjectHash: Compacting FUObjectHashTables data took   1.40ms
[2019.10.21-01.05.25:233][214]LogInit: XAudio2 using 'Speakers (Realtek High Definition Audio)' : 6 channels at 48 kHz using 16 bits per sample (channel mask 0x3f)
[2019.10.21-01.05.25:296][214]LogInit: FAudioDevice initialized.
[2019.10.21-01.05.25:347][214]LogLoad: Game class is 'FirstPersonGameMode_C'
[2019.10.21-01.05.25:384][214]LogWorld: Bringing World /Game/Maps/UEDPIE_0_Halloween_Map.Halloween_Map up for play (max tick rate 60) at 2019.10.20-20.05.25
[2019.10.21-01.05.25:390][214]LogWorld: Bringing up level for play took: 0.038166
[2019.10.21-01.05.25:412][214]LogContentBrowser: Native class hierarchy updated for 'MovieSceneCapture' in 0.0004 seconds. Added 20 classes and 0 folders.
[2019.10.21-01.05.25:413][214]PIE: Play in editor start time for /Game/Maps/UEDPIE_0_Halloween_Map 0.953
[2019.10.21-01.05.25:413][214]LogBlueprintUserMessages: Late PlayInEditor Detection: Level '/Game/Maps/Halloween_Map.Halloween_Map:PersistentLevel' has LevelScriptBlueprint '/Game/Maps/Halloween_Map.Halloween_Map:PersistentLevel.Halloween_Map' with GeneratedClass '/Game/Maps/Halloween_Map.Halloween_Map_C' with ClassGeneratedBy '/Game/Maps/Halloween_Map.Halloween_Map:PersistentLevel.Halloween_Map'
[2019.10.21-01.05.30:962][462]LogWindows: Error: === Critical error: ===
[2019.10.21-01.05.30:962][462]LogWindows: Error: 
[2019.10.21-01.05.30:962][462]LogWindows: Error: Fatal error!
[2019.10.21-01.05.30:962][462]LogWindows: Error: 
[2019.10.21-01.05.30:962][462]LogWindows: Error: Unhandled Exception: EXCEPTION_ACCESS_VIOLATION reading address 0x00000000
[2019.10.21-01.05.30:962][462]LogWindows: Error: 
[2019.10.21-01.05.30:962][462]LogWindows: Error: [Callstack] 0x00007ff9b8114c29 XAudio2_7.dll!UnknownFunction []
[2019.10.21-01.05.30:963][462]LogWindows: Error: [Callstack] 0x00007ff9b810ff91 XAudio2_7.dll!UnknownFunction []
[2019.10.21-01.05.30:963][462]LogWindows: Error: [Callstack] 0x00007ff9b810a726 XAudio2_7.dll!UnknownFunction []
[2019.10.21-01.05.30:963][462]LogWindows: Error: [Callstack] 0x00007ff9b81068f3 XAudio2_7.dll!UnknownFunction []
[2019.10.21-01.05.30:963][462]LogWindows: Error: [Callstack] 0x00007ff9b97500e6 UE4Editor-XAudio2.dll!UnknownFunction []
[2019.10.21-01.05.30:963][462]LogWindows: Error: [Callstack] 0x00007ff9b974c437 UE4Editor-XAudio2.dll!UnknownFunction []
[2019.10.21-01.05.30:963][462]LogWindows: Error: [Callstack] 0x00007ff9b9751a36 UE4Editor-XAudio2.dll!UnknownFunction []
[2019.10.21-01.05.30:963][462]LogWindows: Error: [Callstack] 0x00007ff9c91a4c2a UE4Editor-Engine.dll!UnknownFunction []
[2019.10.21-01.05.30:963][462]LogWindows: Error: [Callstack] 0x00007ff9c91aa4f1 UE4Editor-Engine.dll!UnknownFunction []
[2019.10.21-01.05.30:963][462]LogWindows: Error: [Callstack] 0x00007ff9c91ab373 UE4Editor-Engine.dll!UnknownFunction []
[2019.10.21-01.05.30:963][462]LogWindows: Error: [Callstack] 0x00007ff9c7ab0bc1 UE4Editor-UnrealEd.dll!UnknownFunction []
[2019.10.21-01.05.30:963][462]LogWindows: Error: [Callstack] 0x00007ff9c82cd396 UE4Editor-UnrealEd.dll!UnknownFunction []
[2019.10.21-01.05.30:963][462]LogWindows: Error: [Callstack] 0x00007ff751176bb1 UE4Editor.exe!UnknownFunction []
[2019.10.21-01.05.30:963][462]LogWindows: Error: [Callstack] 0x00007ff75118554c UE4Editor.exe!UnknownFunction []
[2019.10.21-01.05.30:963][462]LogWindows: Error: [Callstack] 0x00007ff7511855ca UE4Editor.exe!UnknownFunction []
[2019.10.21-01.05.30:963][462]LogWindows: Error: [Callstack] 0x00007ff75119316c UE4Editor.exe!UnknownFunction []
[2019.10.21-01.05.30:963][462]LogWindows: Error: [Callstack] 0x00007ff751195b8e UE4Editor.exe!UnknownFunction []
[2019.10.21-01.05.30:963][462]LogWindows: Error: [Callstack] 0x00007ffa14937bd4 KERNEL32.DLL!UnknownFunction []
[2019.10.21-01.05.30:963][462]LogWindows: Error: [Callstack] 0x00007ffa14f6ced1 ntdll.dll!UnknownFunction []
[2019.10.21-01.05.30:963][462]LogWindows: Error: 
[2019.10.21-01.05.30:980][462]LogExit: Executing StaticShutdownAfterError
[2019.10.21-01.05.30:987][462]LogWindows: FPlatformMisc::RequestExit(1)
[2019.10.21-01.05.30:999][462]Log file closed, 10/20/19 20:05:30
